2025-02-19 00:22:51,162 [ERROR] LogOutputStream:75 - [STDERR_REDIRECT] 
2025-02-19 18:43:47,905 [INFO] Activator:176 - 


2025-02-19 18:43:47,907 [INFO] Activator:177 - !SESSION log4j initialized
2025-02-19 18:43:52,713 [INFO] LogOutputStream:77 - [STDOUT_REDIRECT] 
2025-02-19 18:43:54,427 [INFO] ApplicationProperties:184 - Using Application install path: C:\ST\STM32CubeIDE_1.17.0\STM32CubeIDE\plugins\com.st.stm32cube.common.mx_6.13.0.202411220809
2025-02-19 18:43:54,442 [INFO] DbMcusXml:78 - Set database path to: C:\ST\STM32CubeIDE_1.17.0\STM32CubeIDE\plugins\com.st.stm32cube.common.mx_6.13.0.202411220809\\db\/mcu/
2025-02-19 18:43:54,442 [INFO] ApiDb:274 - Set plugin database path to: C:\ST\STM32CubeIDE_1.17.0\STM32CubeIDE\plugins\com.st.stm32cube.common.mx_6.13.0.202411220809\\db\/plugins/boardmanager/
2025-02-19 18:43:54,443 [WARN] ApiDb:259 - Overriding images path with different value:  => C:\ST\STM32CubeIDE_1.17.0\STM32CubeIDE\plugins\com.st.stm32cube.common.mx_6.13.0.202411220809\\db\/plugins/mcufinder/images/
2025-02-19 18:43:54,449 [INFO] ApiDb:250 - Set database path to: C:\Users\djleong01\.stmcufinder\plugins\mcufinder//mcu/
2025-02-19 18:43:54,450 [INFO] DbMcusAds:125 - Set database path to: C:\Users\djleong01\.stmcufinder\plugins\mcufinder//mcu/
2025-02-19 18:43:54,452 [INFO] CrossReferenceDbSqlite:203 - Set database path to: C:\Users\djleong01\.stmcufinder\plugins\mcufinder//mcu/cs/
2025-02-19 18:43:54,535 [INFO] RulesReader:64 - Compatibility file has been processed (297 Rules)
2025-02-19 18:43:54,610 [INFO] DbMcusXml:78 - Set database path to: C:\ST\STM32CubeIDE_1.17.0\STM32CubeIDE\plugins\com.st.stm32cube.common.mx_6.13.0.202411220809\\db\/mcu/
2025-02-19 18:43:54,610 [INFO] ApiDb:274 - Set plugin database path to: C:\ST\STM32CubeIDE_1.17.0\STM32CubeIDE\plugins\com.st.stm32cube.common.mx_6.13.0.202411220809\\db\/plugins/boardmanager/
2025-02-19 18:43:54,610 [INFO] ApiDb:261 - Set plugin images path to: C:\ST\STM32CubeIDE_1.17.0\STM32CubeIDE\plugins\com.st.stm32cube.common.mx_6.13.0.202411220809\\db\/plugins/mcufinder/images/
2025-02-19 18:43:54,610 [WARN] DbFile:41 - Overriding database path with different value: C:\Users\djleong01\.stmcufinder\plugins\mcufinder/ => C:\Users\djleong01\.stmcufinder\plugins\mcufinder
2025-02-19 18:43:54,610 [INFO] ApiDb:250 - Set database path to: C:\Users\djleong01\.stmcufinder\plugins\mcufinder//mcu/
2025-02-19 18:43:54,611 [WARN] DbFile:41 - Overriding database path with different value: C:\Users\djleong01\.stmcufinder\plugins\mcufinder/ => C:\Users\djleong01\.stmcufinder\plugins\mcufinder
2025-02-19 18:43:54,611 [INFO] DbMcusAds:125 - Set database path to: C:\Users\djleong01\.stmcufinder\plugins\mcufinder//mcu/
2025-02-19 18:43:54,611 [WARN] DbFile:41 - Overriding database path with different value: C:\Users\djleong01\.stmcufinder\plugins\mcufinder/ => C:\Users\djleong01\.stmcufinder\plugins\mcufinder
2025-02-19 18:43:54,611 [WARN] DbFile:41 - Overriding database path with different value: C:\Users\djleong01\.stmcufinder\plugins\mcufinder/ => C:\Users\djleong01\.stmcufinder\plugins\mcufinder
2025-02-19 18:43:54,611 [INFO] CrossReferenceDbSqlite:203 - Set database path to: C:\Users\djleong01\.stmcufinder\plugins\mcufinder//mcu/cs/
2025-02-19 18:43:54,676 [INFO] MainPanel:272 - HeapMemory: 268435456
2025-02-19 18:43:54,779 [INFO] DbMcusXml:78 - Set database path to: C:\ST\STM32CubeIDE_1.17.0\STM32CubeIDE\plugins\com.st.stm32cube.common.mx_6.13.0.202411220809\\db\/mcu/
2025-02-19 18:43:54,779 [INFO] ApiDb:274 - Set plugin database path to: C:\ST\STM32CubeIDE_1.17.0\STM32CubeIDE\plugins\com.st.stm32cube.common.mx_6.13.0.202411220809\\db\/plugins/boardmanager/
2025-02-19 18:43:54,779 [INFO] ApiDb:261 - Set plugin images path to: C:\ST\STM32CubeIDE_1.17.0\STM32CubeIDE\plugins\com.st.stm32cube.common.mx_6.13.0.202411220809\\db\/plugins/mcufinder/images/
2025-02-19 18:43:54,779 [WARN] DbFile:41 - Overriding database path with different value: C:\Users\djleong01\.stmcufinder\plugins\mcufinder/ => C:\Users\djleong01\.stmcufinder\plugins\mcufinder
2025-02-19 18:43:54,779 [INFO] ApiDb:250 - Set database path to: C:\Users\djleong01\.stmcufinder\plugins\mcufinder//mcu/
2025-02-19 18:43:54,779 [WARN] DbFile:41 - Overriding database path with different value: C:\Users\djleong01\.stmcufinder\plugins\mcufinder/ => C:\Users\djleong01\.stmcufinder\plugins\mcufinder
2025-02-19 18:43:54,779 [INFO] DbMcusAds:125 - Set database path to: C:\Users\djleong01\.stmcufinder\plugins\mcufinder//mcu/
2025-02-19 18:43:54,779 [WARN] DbFile:41 - Overriding database path with different value: C:\Users\djleong01\.stmcufinder\plugins\mcufinder/ => C:\Users\djleong01\.stmcufinder\plugins\mcufinder
2025-02-19 18:43:54,779 [WARN] DbFile:41 - Overriding database path with different value: C:\Users\djleong01\.stmcufinder\plugins\mcufinder/ => C:\Users\djleong01\.stmcufinder\plugins\mcufinder
2025-02-19 18:43:54,780 [INFO] CrossReferenceDbSqlite:203 - Set database path to: C:\Users\djleong01\.stmcufinder\plugins\mcufinder//mcu/cs/
2025-02-19 18:43:54,795 [INFO] ApplicationProperties:184 - Using Application install path: C:\ST\STM32CubeIDE_1.17.0\STM32CubeIDE\plugins\com.st.stm32cube.common.mx_6.13.0.202411220809
2025-02-19 18:43:54,796 [INFO] PluginManage:196 - Search for loadable plugins [exclusion list=, ]
2025-02-19 18:43:54,797 [INFO] PluginManage:310 - Check plugin analytics
2025-02-19 18:43:54,931 [INFO] AnalyticsPlugin:253 - Accepted Software Licenses: 
2025-02-19 18:43:54,932 [INFO] AnalyticsPlugin:255 - Accepted CMSIS Pack Licenses: 
2025-02-19 18:43:54,932 [INFO] AnalyticsPlugin:257 - Accepted Firmware Licenses: 
2025-02-19 18:43:54,934 [INFO] PluginManage:359 - Loaded plugin analytics (category:tool,tabindex:-1)
2025-02-19 18:43:54,935 [INFO] PluginManage:310 - Check plugin cadmodel
2025-02-19 18:43:54,940 [INFO] CADModel:105 - Init CAD model plugin
2025-02-19 18:43:54,940 [INFO] PluginManage:359 - Loaded plugin cadmodel (category:power,tabindex:5)
2025-02-19 18:43:54,942 [INFO] PluginManage:310 - Check plugin clock
2025-02-19 18:43:54,950 [INFO] PluginManage:359 - Loaded plugin clock (category:base,tabindex:2)
2025-02-19 18:43:54,950 [INFO] PluginManage:310 - Check plugin ddr
2025-02-19 18:43:54,952 [INFO] PluginManage:359 - Loaded plugin ddr (category:tool,tabindex:6)
2025-02-19 18:43:54,953 [INFO] PluginManage:310 - Check plugin filemanager
2025-02-19 18:43:55,071 [INFO] PluginManage:359 - Loaded plugin filemanager (category:base,tabindex:10)
2025-02-19 18:43:55,072 [INFO] PluginManage:310 - Check plugin ipmanager
2025-02-19 18:43:55,077 [INFO] PluginManage:359 - Loaded plugin ipmanager (category:base,tabindex:5)
2025-02-19 18:43:55,078 [INFO] PluginManage:310 - Check plugin lpbam
2025-02-19 18:43:55,085 [INFO] PluginManage:359 - Loaded plugin lpbam (category:base,tabindex:0)
2025-02-19 18:43:55,085 [INFO] PluginManage:310 - Check plugin memorymap
2025-02-19 18:43:55,100 [INFO] PluginManage:359 - Loaded plugin memorymap (category:base,tabindex:4)
2025-02-19 18:43:55,100 [INFO] PluginManage:310 - Check plugin pinoutandconfiguration
2025-02-19 18:43:55,107 [INFO] PluginManage:359 - Loaded plugin pinoutandconfiguration (category:base,tabindex:1)
2025-02-19 18:43:55,107 [INFO] PluginManage:310 - Check plugin pinoutconfig
2025-02-19 18:43:55,180 [WARN] SupportedApi:132 - Cannot load RTOS API schema: s4s-elt-must-match.1: The content of 'definitions' must match (annotation?, (simpleType | complexType)?, (unique | key | keyref)*)). A problem was found starting at: attribute.
2025-02-19 18:43:55,294 [INFO] PluginManage:359 - Loaded plugin pinoutconfig (category:base,tabindex:0)
2025-02-19 18:43:55,294 [INFO] PluginManage:310 - Check plugin power
2025-02-19 18:43:55,304 [INFO] PluginManage:359 - Loaded plugin power (category:power,tabindex:4)
2025-02-19 18:43:55,304 [INFO] PluginManage:310 - Check plugin projectmanager
2025-02-19 18:43:55,317 [INFO] PluginManage:359 - Loaded plugin projectmanager (category:projectmanager,tabindex:4)
2025-02-19 18:43:55,318 [INFO] PluginManage:310 - Check plugin rif
2025-02-19 18:43:55,325 [INFO] PluginManage:359 - Loaded plugin rif (category:base,tabindex:3)
2025-02-19 18:43:55,325 [INFO] PluginManage:310 - Check plugin thirdparty
2025-02-19 18:43:55,427 [WARN] IntegrityCheckThread:84 - waiting for thirdparty lock release [integrity check]
2025-02-19 18:43:55,428 [INFO] IntegrityCheckThread:86 - entering critical section [integrity check]
2025-02-19 18:43:55,428 [INFO] ThirdPartyUpdaterWithRetryManager:70 - Updater plugin not ready yet. [1/15]
2025-02-19 18:43:55,428 [INFO] PluginManage:359 - Loaded plugin thirdparty (category:base,tabindex:-1)
2025-02-19 18:43:55,428 [INFO] PluginManage:310 - Check plugin tools
2025-02-19 18:43:55,432 [INFO] PluginManage:359 - Loaded plugin tools (category:base,tabindex:7)
2025-02-19 18:43:55,432 [INFO] PluginManage:310 - Check plugin tutovideos
2025-02-19 18:43:55,596 [INFO] PluginManage:359 - Loaded plugin tutovideos (category:base,tabindex:-1)
2025-02-19 18:43:55,596 [INFO] PluginManage:310 - Check plugin updater
2025-02-19 18:43:55,615 [INFO] PluginManage:359 - Loaded plugin updater (category:base,tabindex:12)
2025-02-19 18:43:55,615 [INFO] PluginManage:310 - Check plugin userauth
2025-02-19 18:43:55,620 [INFO] UserAuth:118 - Init User Auth plugin
2025-02-19 18:43:55,621 [INFO] PluginManage:359 - Loaded plugin userauth (category:base,tabindex:14)
2025-02-19 18:43:55,621 [INFO] PluginManage:283 - PluginManage : Loaded plugins [18]
2025-02-19 18:43:55,818 [INFO] PinOutPanel:1589 - setPackage(No Configuration,No Configuration)
2025-02-19 18:43:55,898 [INFO] CADModel:165 - CPN selected for project level
2025-02-19 18:43:55,898 [INFO] CADModel:114 - Register for checkConnection events
2025-02-19 18:43:55,917 [INFO] IPUIPlugin:80 - create IPUIPlugin
2025-02-19 18:43:55,918 [INFO] PluginManager:220 - loadIPPluginJar : add adc
2025-02-19 18:43:55,920 [INFO] IPUIPlugin:80 - create IPUIPlugin
2025-02-19 18:43:55,920 [INFO] PluginManager:220 - loadIPPluginJar : add aes
2025-02-19 18:43:55,923 [INFO] IPUIPlugin:80 - create IPUIPlugin
2025-02-19 18:43:55,923 [INFO] PluginManager:220 - loadIPPluginJar : add can
2025-02-19 18:43:55,925 [INFO] IPUIPlugin:80 - create IPUIPlugin
2025-02-19 18:43:55,925 [INFO] PluginManager:220 - loadIPPluginJar : add comp
2025-02-19 18:43:55,927 [INFO] IPUIPlugin:80 - create IPUIPlugin
2025-02-19 18:43:55,927 [INFO] PluginManager:220 - loadIPPluginJar : add cryp
2025-02-19 18:43:55,931 [INFO] IPUIPlugin:80 - create IPUIPlugin
2025-02-19 18:43:55,931 [INFO] PluginManager:220 - loadIPPluginJar : add ddr_ctrl_phy
2025-02-19 18:43:55,933 [INFO] IPUIPlugin:80 - create IPUIPlugin
2025-02-19 18:43:55,934 [INFO] PluginManager:220 - loadIPPluginJar : add dfsdm
2025-02-19 18:43:55,938 [INFO] IPUIPlugin:80 - create IPUIPlugin
2025-02-19 18:43:55,939 [INFO] PluginManager:220 - loadIPPluginJar : add dma
2025-02-19 18:43:55,941 [INFO] IPUIPlugin:80 - create IPUIPlugin
2025-02-19 18:43:55,942 [INFO] PluginManager:220 - loadIPPluginJar : add dma3
2025-02-19 18:43:55,944 [INFO] IPUIPlugin:80 - create IPUIPlugin
2025-02-19 18:43:55,944 [INFO] PluginManager:220 - loadIPPluginJar : add extmemmanager
2025-02-19 18:43:55,946 [INFO] IPUIPlugin:80 - create IPUIPlugin
2025-02-19 18:43:55,946 [INFO] PluginManager:220 - loadIPPluginJar : add fatfs
2025-02-19 18:43:55,950 [INFO] IPUIPlugin:80 - create IPUIPlugin
2025-02-19 18:43:55,950 [INFO] PluginManager:220 - loadIPPluginJar : add fmc
2025-02-19 18:43:55,955 [INFO] IPUIPlugin:80 - create IPUIPlugin
2025-02-19 18:43:55,955 [INFO] PluginManager:220 - loadIPPluginJar : add freertos
2025-02-19 18:43:55,957 [INFO] IPUIPlugin:80 - create IPUIPlugin
2025-02-19 18:43:55,957 [INFO] PluginManager:220 - loadIPPluginJar : add genericplugin
2025-02-19 18:43:55,959 [INFO] IPUIPlugin:80 - create IPUIPlugin
2025-02-19 18:43:55,959 [INFO] PluginManager:220 - loadIPPluginJar : add gfxmmu
2025-02-19 18:43:55,962 [INFO] IPUIPlugin:80 - create IPUIPlugin
2025-02-19 18:43:55,962 [INFO] PluginManager:220 - loadIPPluginJar : add gic
2025-02-19 18:43:55,966 [INFO] IPUIPlugin:80 - create IPUIPlugin
2025-02-19 18:43:55,966 [INFO] PluginManager:220 - loadIPPluginJar : add gpio
2025-02-19 18:43:55,968 [INFO] IPUIPlugin:80 - create IPUIPlugin
2025-02-19 18:43:55,968 [INFO] PluginManager:220 - loadIPPluginJar : add gtzc
2025-02-19 18:43:55,970 [INFO] IPUIPlugin:80 - create IPUIPlugin
2025-02-19 18:43:55,970 [INFO] PluginManager:220 - loadIPPluginJar : add hash
2025-02-19 18:43:55,972 [INFO] IPUIPlugin:80 - create IPUIPlugin
2025-02-19 18:43:55,972 [INFO] PluginManager:220 - loadIPPluginJar : add i2c
2025-02-19 18:43:55,974 [INFO] IPUIPlugin:80 - create IPUIPlugin
2025-02-19 18:43:55,974 [INFO] PluginManager:220 - loadIPPluginJar : add i2s
2025-02-19 18:43:55,976 [INFO] IPUIPlugin:80 - create IPUIPlugin
2025-02-19 18:43:55,977 [INFO] PluginManager:220 - loadIPPluginJar : add i3c
2025-02-19 18:43:55,979 [INFO] IPUIPlugin:80 - create IPUIPlugin
2025-02-19 18:43:55,979 [INFO] PluginManager:220 - loadIPPluginJar : add ipddr
2025-02-19 18:43:55,986 [INFO] IPUIPlugin:80 - create IPUIPlugin
2025-02-19 18:43:55,987 [INFO] PluginManager:220 - loadIPPluginJar : add linkedlist
2025-02-19 18:43:55,989 [INFO] IPUIPlugin:80 - create IPUIPlugin
2025-02-19 18:43:55,989 [INFO] PluginManager:220 - loadIPPluginJar : add lorawan
2025-02-19 18:43:55,991 [INFO] IPUIPlugin:80 - create IPUIPlugin
2025-02-19 18:43:55,991 [INFO] PluginManager:220 - loadIPPluginJar : add ltdc
2025-02-19 18:43:55,996 [INFO] IPUIPlugin:80 - create IPUIPlugin
2025-02-19 18:43:55,996 [INFO] PluginManager:220 - loadIPPluginJar : add mdma
2025-02-19 18:43:55,999 [INFO] IPUIPlugin:80 - create IPUIPlugin
2025-02-19 18:43:55,999 [INFO] PluginManager:220 - loadIPPluginJar : add nvic
2025-02-19 18:43:56,002 [INFO] IPUIPlugin:80 - create IPUIPlugin
2025-02-19 18:43:56,002 [INFO] PluginManager:220 - loadIPPluginJar : add opamp
2025-02-19 18:43:56,004 [INFO] IPUIPlugin:80 - create IPUIPlugin
2025-02-19 18:43:56,004 [INFO] PluginManager:220 - loadIPPluginJar : add openamp
2025-02-19 18:43:56,006 [INFO] IPUIPlugin:80 - create IPUIPlugin
2025-02-19 18:43:56,007 [INFO] PluginManager:220 - loadIPPluginJar : add pdm2pcm
2025-02-19 18:43:56,011 [INFO] IPUIPlugin:80 - create IPUIPlugin
2025-02-19 18:43:56,013 [INFO] PluginManager:220 - loadIPPluginJar : add plateformsettings
2025-02-19 18:43:56,014 [INFO] IPUIPlugin:80 - create IPUIPlugin
2025-02-19 18:43:56,014 [INFO] PluginManager:220 - loadIPPluginJar : add quadspi
2025-02-19 18:43:56,016 [INFO] IPUIPlugin:80 - create IPUIPlugin
2025-02-19 18:43:56,016 [INFO] PluginManager:220 - loadIPPluginJar : add radio
2025-02-19 18:43:56,020 [INFO] IPUIPlugin:80 - create IPUIPlugin
2025-02-19 18:43:56,020 [INFO] PluginManager:220 - loadIPPluginJar : add resmgrutility
2025-02-19 18:43:56,022 [INFO] IPUIPlugin:80 - create IPUIPlugin
2025-02-19 18:43:56,022 [INFO] PluginManager:220 - loadIPPluginJar : add sai
2025-02-19 18:43:56,024 [INFO] IPUIPlugin:80 - create IPUIPlugin
2025-02-19 18:43:56,024 [INFO] PluginManager:220 - loadIPPluginJar : add spi
2025-02-19 18:43:56,028 [INFO] IPUIPlugin:80 - create IPUIPlugin
2025-02-19 18:43:56,028 [INFO] PluginManager:220 - loadIPPluginJar : add stm32_wpan
2025-02-19 18:43:56,030 [INFO] IPUIPlugin:80 - create IPUIPlugin
2025-02-19 18:43:56,030 [INFO] PluginManager:220 - loadIPPluginJar : add tim
2025-02-19 18:43:56,032 [INFO] IPUIPlugin:80 - create IPUIPlugin
2025-02-19 18:43:56,032 [INFO] PluginManager:220 - loadIPPluginJar : add touchsensing
2025-02-19 18:43:56,035 [INFO] IPUIPlugin:80 - create IPUIPlugin
2025-02-19 18:43:56,035 [INFO] PluginManager:220 - loadIPPluginJar : add tracer_emb
2025-02-19 18:43:56,037 [INFO] IPUIPlugin:80 - create IPUIPlugin
2025-02-19 18:43:56,037 [INFO] PluginManager:220 - loadIPPluginJar : add ts
2025-02-19 18:43:56,038 [INFO] IPUIPlugin:80 - create IPUIPlugin
2025-02-19 18:43:56,038 [INFO] PluginManager:220 - loadIPPluginJar : add tsc
2025-02-19 18:43:56,039 [INFO] IPUIPlugin:80 - create IPUIPlugin
2025-02-19 18:43:56,039 [INFO] PluginManager:220 - loadIPPluginJar : add ucpd
2025-02-19 18:43:56,041 [INFO] IPUIPlugin:80 - create IPUIPlugin
2025-02-19 18:43:56,041 [INFO] PluginManager:220 - loadIPPluginJar : add usart
2025-02-19 18:43:56,044 [INFO] IPUIPlugin:80 - create IPUIPlugin
2025-02-19 18:43:56,044 [INFO] PluginManager:220 - loadIPPluginJar : add usbx
2025-02-19 18:43:56,158 [FATAL] Updater:351 - Updater called before beeing initialized
2025-02-19 18:43:56,180 [INFO] RulesReader:64 - Compatibility file has been processed (297 Rules)
2025-02-19 18:43:56,187 [INFO] RulesReader:64 - Compatibility file has been processed (297 Rules)
2025-02-19 18:43:56,193 [INFO] CADModel:165 - CPN selected for project level
2025-02-19 18:43:56,193 [INFO] CADModel:114 - Register for checkConnection events
2025-02-19 18:43:56,193 [FATAL] Updater:351 - Updater called before beeing initialized
2025-02-19 18:43:56,193 [ERROR] CADModel:125 - Updater not yet initialized, retry later 
2025-02-19 18:43:56,336 [FATAL] Updater:351 - Updater called before beeing initialized
2025-02-19 18:43:56,338 [INFO] CADModel:165 - CPN selected for project level
2025-02-19 18:43:56,338 [INFO] CADModel:114 - Register for checkConnection events
2025-02-19 18:43:56,338 [FATAL] Updater:351 - Updater called before beeing initialized
2025-02-19 18:43:56,338 [ERROR] CADModel:125 - Updater not yet initialized, retry later 
2025-02-19 18:43:56,341 [FATAL] Updater:351 - Updater called before beeing initialized
2025-02-19 18:43:56,414 [FATAL] Updater:351 - Updater called before beeing initialized
2025-02-19 18:43:56,417 [INFO] DbMcusAds:53 - JSON generation date=Thu Sep 30 14:55:09 SGT 2021 (1632984909247)
2025-02-19 18:43:56,418 [FATAL] Updater:351 - Updater called before beeing initialized
2025-02-19 18:43:56,450 [WARN] DetailPanel:346 - Failed to get advertising image, set to default
2025-02-19 18:43:56,631 [FATAL] Updater:351 - Updater called before beeing initialized
2025-02-19 18:43:56,633 [FATAL] Updater:351 - Updater called before beeing initialized
2025-02-19 18:43:56,633 [FATAL] Updater:351 - Updater called before beeing initialized
2025-02-19 18:43:56,633 [WARN] DetailPanel:346 - Failed to get advertising image, set to default
2025-02-19 18:43:56,634 [FATAL] Updater:351 - Updater called before beeing initialized
2025-02-19 18:43:56,673 [ERROR] Updater:1198 - MainUpdater not yet initialized. External WinMGr cannot be set.
2025-02-19 18:43:56,675 [INFO] Updater:1134 - Updater Version found : 6.13.0
2025-02-19 18:43:56,693 [INFO] ApplicationProperties:184 - Using Application install path: C:\ST\STM32CubeIDE_1.17.0\STM32CubeIDE\plugins\com.st.stm32cube.common.mx_6.13.0.202411220809
2025-02-19 18:43:58,270 [ERROR] LogOutputStream:75 - [STDERR_REDIRECT] Feb 19, 2025 6:43:58 PM java.util.prefs.WindowsPreferences <init>
2025-02-19 18:43:58,272 [ERROR] LogOutputStream:75 - [STDERR_REDIRECT] WARNING: Could not open/create prefs root node Software\JavaSoft\Prefs at root 0xffffffff80000002. Windows RegCreateKeyEx(...) returned error code 5.
2025-02-19 18:43:58,272 [ERROR] LogOutputStream:75 - [STDERR_REDIRECT] 
2025-02-19 18:43:58,429 [INFO] ThirdPartyUpdaterWithRetryManager:70 - Updater plugin not ready yet. [2/15]
2025-02-19 18:43:58,513 [INFO] MainUpdater:2872 - connection check result : 10
2025-02-19 18:43:58,514 [INFO] MainUpdater:289 - Updater Check For Update Now.
2025-02-19 18:43:58,514 [INFO] MicroXplorer:498 - Change Database Version : DB.6.0.130
2025-02-19 18:43:58,533 [INFO] McuFinderGlobals:63 - Set McuFinder mode to 2 (CubeIDE integrated)
2025-02-19 18:43:58,534 [INFO] UserAuth:171 - activating auth plugin
2025-02-19 18:43:58,537 [INFO] UserAuth:486 - Internet connection configuration mode: 1
2025-02-19 18:43:58,571 [INFO] JxBrowserEngine:152 - Initiate JxBrowser Engine with user profile folder
2025-02-19 18:43:58,687 [INFO] CheckServerUpdateThread:120 - End of CheckServer Thread
2025-02-19 18:43:59,227 [INFO] WebApp:168 - Instantiating new browser for Auth
2025-02-19 18:43:59,819 [INFO] WebApp:449 - Apply proxy settings
2025-02-19 18:43:59,819 [INFO] WebApp:534 - Chromium requires no authentication
2025-02-19 18:43:59,827 [INFO] WebApp:477 - Direct internet connection detected
2025-02-19 18:43:59,849 [INFO] WebApp:880 - Register for checkConnection events
2025-02-19 18:43:59,850 [INFO] WebApp:449 - Apply proxy settings
2025-02-19 18:43:59,850 [INFO] WebApp:534 - Chromium requires no authentication
2025-02-19 18:43:59,850 [INFO] WebApp:477 - Direct internet connection detected
2025-02-19 18:44:00,012 [INFO] WebApp:221 - Starting web application
2025-02-19 18:44:00,012 [INFO] WebApp:579 - Web application path used C:\ST\STM32CubeIDE_1.17.0\STM32CubeIDE\plugins\com.st.stm32cube.common.mx_6.13.0.202411220809\db\plugins\mcufinder\reactClient1\index.html
2025-02-19 18:44:00,993 [INFO] WebApp:187 - Connection restablished
2025-02-19 18:44:01,623 [WARN] PackLoader:240 - Cannot read IP mode file for STMicroelectronics.FP-SNS-MOTENVWB1.1.4.0
2025-02-19 18:44:01,630 [WARN] PackLoader:240 - Cannot read IP mode file for STMicroelectronics.FP-ATR-ASTRA1.2.0.1
2025-02-19 18:44:01,637 [WARN] PackLoader:240 - Cannot read IP mode file for STMicroelectronics.X-CUBE-SMBUS.2.1.0
2025-02-19 18:44:01,643 [WARN] PackLoader:240 - Cannot read IP mode file for STMicroelectronics.X-CUBE-WB05N.1.1.0
2025-02-19 18:44:01,663 [WARN] PackLoader:240 - Cannot read IP mode file for STMicroelectronics.X-CUBE-AZRTOS-F7.1.1.0
2025-02-19 18:44:01,670 [WARN] PackLoader:240 - Cannot read IP mode file for STMicroelectronics.FP-SNS-FLIGHT1.5.0.2
2025-02-19 18:44:01,695 [WARN] PackLoader:240 - Cannot read IP mode file for Infineon.AIROC-Wi-Fi-Bluetooth-STM32.1.7.0
2025-02-19 18:44:01,712 [WARN] PackLoader:240 - Cannot read IP mode file for STMicroelectronics.X-CUBE-DISPLAY.3.0.0
2025-02-19 18:44:01,724 [WARN] PackLoader:240 - Cannot read IP mode file for STMicroelectronics.X-CUBE-BLE1.7.0.0
2025-02-19 18:44:01,732 [WARN] PackLoader:240 - Cannot read IP mode file for STMicroelectronics.X-CUBE-NFC10.1.0.0
2025-02-19 18:44:01,762 [WARN] PackLoader:240 - Cannot read IP mode file for STMicroelectronics.X-CUBE-BLEMGR.4.0.0
2025-02-19 18:44:01,776 [WARN] PackLoader:240 - Cannot read IP mode file for emotas.I-CUBE-CANOPEN.1.3.0
2025-02-19 18:44:01,783 [WARN] PackLoader:240 - Cannot read IP mode file for STMicroelectronics.X-CUBE-AI.10.0.0
2025-02-19 18:44:01,788 [WARN] PackLoader:240 - Cannot read IP mode file for STMicroelectronics.FP-SNS-SMARTAG2.1.2.0
2025-02-19 18:44:01,818 [WARN] PackLoader:240 - Cannot read IP mode file for STMicroelectronics.X-CUBE-MEMS1.11.1.0
2025-02-19 18:44:01,917 [INFO] LogOutputStream:77 - [STDOUT_REDIRECT] 1 : Invalid condition id : UX_CORESTACK_Condition cause : null
2025-02-19 18:44:01,918 [INFO] LogOutputStream:77 - [STDOUT_REDIRECT] 1 : Invalid condition id : UX_CORESTACK_Condition cause : null
2025-02-19 18:44:01,919 [INFO] LogOutputStream:77 - [STDOUT_REDIRECT] 1 : Invalid condition id : UX_CORESTACK_Condition cause : null
2025-02-19 18:44:01,920 [INFO] LogOutputStream:77 - [STDOUT_REDIRECT] 1 : Invalid condition id : UX_CORESTACK_Condition cause : null
2025-02-19 18:44:01,921 [INFO] LogOutputStream:77 - [STDOUT_REDIRECT] 1 : Invalid condition id : UX_CORESTACK_Condition cause : null
2025-02-19 18:44:01,922 [WARN] PackLoader:240 - Cannot read IP mode file for STMicroelectronics.X-CUBE-AZRTOS-WL.2.0.0
2025-02-19 18:44:01,928 [WARN] PackLoader:240 - Cannot read IP mode file for STMicroelectronics.FP-SNS-MOTENV1.5.0.0
2025-02-19 18:44:01,933 [WARN] PackLoader:240 - Cannot read IP mode file for wolfSSL.I-CUBE-wolfMQTT.1.19.0
2025-02-19 18:44:01,942 [WARN] PackLoader:240 - Cannot read IP mode file for WES.I-CUBE-Cesium.1.3.0
2025-02-19 18:44:01,947 [WARN] PackLoader:240 - Cannot read IP mode file for STMicroelectronics.X-CUBE-BLE2.3.3.0
2025-02-19 18:44:01,954 [WARN] PackLoader:240 - Cannot read IP mode file for STMicroelectronics.X-CUBE-NFC9.1.0.0
2025-02-19 18:44:01,967 [WARN] PackLoader:240 - Cannot read IP mode file for STMicroelectronics.X-CUBE-AZRTOS-G0.1.1.0
2025-02-19 18:44:01,976 [WARN] PackLoader:240 - Cannot read IP mode file for STMicroelectronics.X-CUBE-SAFEA1.1.2.2
2025-02-19 18:44:01,981 [WARN] PackLoader:240 - Cannot read IP mode file for STMicroelectronics.X-CUBE-NFC4.3.0.0
2025-02-19 18:44:01,989 [WARN] PackLoader:240 - Cannot read IP mode file for EmbeddedOffice.I-CUBE-FS-RTOS.1.0.1
2025-02-19 18:44:01,995 [WARN] PackLoader:240 - Cannot read IP mode file for STMicroelectronics.X-CUBE-TCPP.4.2.0
2025-02-19 18:44:02,002 [WARN] PackLoader:240 - Cannot read IP mode file for RealThread.X-CUBE-RT-Thread_Nano.4.1.1
2025-02-19 18:44:02,006 [WARN] PackLoader:240 - Cannot read IP mode file for STMicroelectronics.FP-ATR-SIGFOX1.3.2.0
2025-02-19 18:44:02,010 [WARN] ConditionMgr:438 - getConditionDescription Invalid condition id : Cortex-A Device cause : null
2025-02-19 18:44:02,026 [WARN] ConditionMgr:1044 - genDependencies : Invalid condition id : Cortex-A Device cause : null
2025-02-19 18:44:02,026 [WARN] ConditionMgr:1044 - genDependencies : Invalid condition id : Cortex-A Device cause : null
2025-02-19 18:44:02,026 [WARN] ConditionMgr:1044 - genDependencies : Invalid condition id : Cortex-A Device cause : null
2025-02-19 18:44:02,031 [WARN] PackLoader:240 - Cannot read IP mode file for STMicroelectronics.X-CUBE-EEPRMA1.5.1.0
2025-02-19 18:44:02,035 [WARN] PackLoader:240 - Cannot read IP mode file for wolfSSL.I-CUBE-wolfSSL.5.7.6
2025-02-19 18:44:02,041 [WARN] PackLoader:240 - Cannot read IP mode file for ITTIA_DB.I-CUBE-ITTIADB.8.9.0
2025-02-19 18:44:02,064 [WARN] PackLoader:240 - Cannot read IP mode file for SEGGER.I-CUBE-embOS.1.3.1
2025-02-19 18:44:02,096 [WARN] PackLoader:240 - Cannot read IP mode file for STMicroelectronics.X-CUBE-ALGOBUILD.1.4.0
2025-02-19 18:44:02,105 [WARN] PackLoader:240 - Cannot read IP mode file for STMicroelectronics.X-CUBE-AZRTOS-F4.1.1.0
2025-02-19 18:44:02,112 [WARN] PackLoader:240 - Cannot read IP mode file for STMicroelectronics.X-CUBE-ISPU.2.1.0
2025-02-19 18:44:02,125 [WARN] PackLoader:240 - Cannot read IP mode file for STMicroelectronics.X-CUBE-AZRTOS-L5.2.0.0
2025-02-19 18:44:02,134 [WARN] PackLoader:240 - Cannot read IP mode file for STMicroelectronics.X-CUBE-NFC6.3.1.0
2025-02-19 18:44:02,141 [WARN] PackLoader:240 - Cannot read IP mode file for STMicroelectronics.X-CUBE-DPower.1.2.0
2025-02-19 18:44:02,145 [WARN] PackLoader:240 - Cannot read IP mode file for STMicroelectronics.X-CUBE-FREERTOS.1.3.0
2025-02-19 18:44:02,152 [WARN] PackLoader:240 - Cannot read IP mode file for STMicroelectronics.X-CUBE-NFC7.1.0.1
2025-02-19 18:44:02,168 [WARN] ConditionMgr:438 - getConditionDescription Invalid condition id : LAN8742 Phy interface Condition cause : null
2025-02-19 18:44:02,169 [WARN] PackLoader:240 - Cannot read IP mode file for STMicroelectronics.X-CUBE-AZRTOS-L4.2.0.0
2025-02-19 18:44:02,170 [WARN] ConditionMgr:1044 - genDependencies : Invalid condition id : LAN8742 Phy interface Condition cause : null
2025-02-19 18:44:02,171 [WARN] ConditionMgr:1044 - genDependencies : Invalid condition id : LAN8742 Phy interface Condition cause : null
2025-02-19 18:44:02,171 [WARN] ConditionMgr:1044 - genDependencies : Invalid condition id : LAN8742 Phy interface Condition cause : null
2025-02-19 18:44:02,177 [WARN] PackLoader:240 - Cannot read IP mode file for STMicroelectronics.X-CUBE-SFXS2LP1.4.0.0
2025-02-19 18:44:02,190 [WARN] PackLoader:240 - Cannot read IP mode file for STMicroelectronics.X-CUBE-AZRTOS-H7.3.3.0
2025-02-19 18:44:02,200 [WARN] ConditionMgr:438 - getConditionDescription Invalid condition id : UX DEVICE CLASS RTOS Condition cause : null
2025-02-19 18:44:02,200 [WARN] ConditionMgr:438 - getConditionDescription Invalid condition id : UX DEVICE CLASS RTOS Condition cause : null
2025-02-19 18:44:02,201 [WARN] PackLoader:240 - Cannot read IP mode file for STMicroelectronics.X-CUBE-AZRTOS-WB.2.0.0
2025-02-19 18:44:02,201 [WARN] ConditionMgr:1044 - genDependencies : Invalid condition id : UX DEVICE CLASS RTOS Condition cause : null
2025-02-19 18:44:02,202 [WARN] ConditionMgr:1044 - genDependencies : Invalid condition id : UX DEVICE CLASS RTOS Condition cause : null
2025-02-19 18:44:02,202 [WARN] ConditionMgr:1044 - genDependencies : Invalid condition id : UX DEVICE CLASS RTOS Condition cause : null
2025-02-19 18:44:02,202 [WARN] ConditionMgr:1044 - genDependencies : Invalid condition id : UX DEVICE CLASS RTOS Condition cause : null
2025-02-19 18:44:02,202 [WARN] ConditionMgr:1044 - genDependencies : Invalid condition id : UX DEVICE CLASS RTOS Condition cause : null
2025-02-19 18:44:02,207 [WARN] PackLoader:240 - Cannot read IP mode file for STMicroelectronics.X-CUBE-GNSS1.7.0.1
2025-02-19 18:44:02,213 [WARN] PackLoader:240 - Cannot read IP mode file for STMicroelectronics.FP-SNS-STBOX1.2.0.0
2025-02-19 18:44:02,221 [WARN] PackLoader:240 - Cannot read IP mode file for STMicroelectronics.X-CUBE-SUBG2.5.0.0
2025-02-19 18:44:02,227 [WARN] PackLoader:240 - Cannot read IP mode file for Cesanta.I-CUBE-Mongoose.7.13.0
2025-02-19 18:44:02,235 [WARN] PackLoader:240 - Cannot read IP mode file for STMicroelectronics.X-CUBE-AZRTOS-G4.2.0.0
2025-02-19 18:44:02,246 [WARN] PackLoader:240 - Cannot read IP mode file for STMicroelectronics.X-CUBE-IPS.3.1.0
2025-02-19 18:44:02,258 [WARN] PackLoader:240 - Cannot read IP mode file for STMicroelectronics.X-CUBE-ALS.1.0.2
2025-02-19 18:44:02,265 [WARN] PackLoader:240 - Cannot read IP mode file for STMicroelectronics.X-CUBE-TOUCHGFX.4.24.2
2025-02-19 18:44:02,269 [WARN] PackLoader:240 - Cannot read IP mode file for wolfSSL.I-CUBE-wolfTPM.3.4.0
2025-02-19 18:44:02,276 [WARN] PackLoader:240 - Cannot read IP mode file for portGmbH.I-Cube-SoM-uGOAL.1.1.0
2025-02-19 18:44:02,287 [WARN] PackLoader:240 - Cannot read IP mode file for STMicroelectronics.X-CUBE-AZRTOS-H7RS.1.0.0
2025-02-19 18:44:02,318 [WARN] PackLoader:240 - Cannot read IP mode file for STMicroelectronics.X-CUBE-TOF1.3.4.2
2025-02-19 18:44:02,334 [WARN] PackLoader:240 - Cannot read IP mode file for wolfSSL.I-CUBE-wolfSSH.1.4.17
2025-02-19 18:44:02,336 [INFO] ThirdParty:978 - Integrity check success = true
2025-02-19 18:44:02,336 [INFO] IntegrityCheckThread:100 - exiting critical section [integrity check]
2025-02-19 18:44:02,336 [INFO] IntegrityCheckThread:103 - End integrity checks thread
2025-02-19 20:15:47,904 [INFO] WebApp:190 - Connection lost
2025-02-19 20:15:48,031 [INFO] WebApp:187 - Connection restablished
2025-02-19 20:32:31,557 [INFO] WebApp:190 - Connection lost
2025-02-19 20:32:31,658 [INFO] WebApp:187 - Connection restablished
2025-02-19 21:19:58,725 [ERROR] LogOutputStream:75 - [STDERR_REDIRECT] 
2025-02-19 23:08:14,327 [INFO] Activator:176 - 


2025-02-19 23:08:14,331 [INFO] Activator:177 - !SESSION log4j initialized
2025-02-19 23:08:25,246 [INFO] LogOutputStream:77 - [STDOUT_REDIRECT] 
2025-02-19 23:08:26,487 [INFO] ApplicationProperties:184 - Using Application install path: C:\ST\STM32CubeIDE_1.17.0\STM32CubeIDE\plugins\com.st.stm32cube.common.mx_6.13.0.202411220809
2025-02-19 23:08:26,542 [INFO] DbMcusXml:78 - Set database path to: C:\ST\STM32CubeIDE_1.17.0\STM32CubeIDE\plugins\com.st.stm32cube.common.mx_6.13.0.202411220809\\db\/mcu/
2025-02-19 23:08:26,542 [INFO] ApiDb:274 - Set plugin database path to: C:\ST\STM32CubeIDE_1.17.0\STM32CubeIDE\plugins\com.st.stm32cube.common.mx_6.13.0.202411220809\\db\/plugins/boardmanager/
2025-02-19 23:08:26,544 [WARN] ApiDb:259 - Overriding images path with different value:  => C:\ST\STM32CubeIDE_1.17.0\STM32CubeIDE\plugins\com.st.stm32cube.common.mx_6.13.0.202411220809\\db\/plugins/mcufinder/images/
2025-02-19 23:08:26,558 [INFO] ApiDb:250 - Set database path to: C:\Users\djleong01\.stmcufinder\plugins\mcufinder//mcu/
2025-02-19 23:08:26,559 [INFO] DbMcusAds:125 - Set database path to: C:\Users\djleong01\.stmcufinder\plugins\mcufinder//mcu/
2025-02-19 23:08:26,565 [INFO] CrossReferenceDbSqlite:203 - Set database path to: C:\Users\djleong01\.stmcufinder\plugins\mcufinder//mcu/cs/
2025-02-19 23:08:26,726 [INFO] RulesReader:64 - Compatibility file has been processed (297 Rules)
2025-02-19 23:08:26,815 [INFO] DbMcusXml:78 - Set database path to: C:\ST\STM32CubeIDE_1.17.0\STM32CubeIDE\plugins\com.st.stm32cube.common.mx_6.13.0.202411220809\\db\/mcu/
2025-02-19 23:08:26,815 [INFO] ApiDb:274 - Set plugin database path to: C:\ST\STM32CubeIDE_1.17.0\STM32CubeIDE\plugins\com.st.stm32cube.common.mx_6.13.0.202411220809\\db\/plugins/boardmanager/
2025-02-19 23:08:26,815 [INFO] ApiDb:261 - Set plugin images path to: C:\ST\STM32CubeIDE_1.17.0\STM32CubeIDE\plugins\com.st.stm32cube.common.mx_6.13.0.202411220809\\db\/plugins/mcufinder/images/
2025-02-19 23:08:26,815 [WARN] DbFile:41 - Overriding database path with different value: C:\Users\djleong01\.stmcufinder\plugins\mcufinder/ => C:\Users\djleong01\.stmcufinder\plugins\mcufinder
2025-02-19 23:08:26,815 [INFO] ApiDb:250 - Set database path to: C:\Users\djleong01\.stmcufinder\plugins\mcufinder//mcu/
2025-02-19 23:08:26,815 [WARN] DbFile:41 - Overriding database path with different value: C:\Users\djleong01\.stmcufinder\plugins\mcufinder/ => C:\Users\djleong01\.stmcufinder\plugins\mcufinder
2025-02-19 23:08:26,815 [INFO] DbMcusAds:125 - Set database path to: C:\Users\djleong01\.stmcufinder\plugins\mcufinder//mcu/
2025-02-19 23:08:26,815 [WARN] DbFile:41 - Overriding database path with different value: C:\Users\djleong01\.stmcufinder\plugins\mcufinder/ => C:\Users\djleong01\.stmcufinder\plugins\mcufinder
2025-02-19 23:08:26,815 [WARN] DbFile:41 - Overriding database path with different value: C:\Users\djleong01\.stmcufinder\plugins\mcufinder/ => C:\Users\djleong01\.stmcufinder\plugins\mcufinder
2025-02-19 23:08:26,815 [INFO] CrossReferenceDbSqlite:203 - Set database path to: C:\Users\djleong01\.stmcufinder\plugins\mcufinder//mcu/cs/
2025-02-19 23:08:26,941 [INFO] MainPanel:272 - HeapMemory: 268435456
2025-02-19 23:08:27,131 [INFO] DbMcusXml:78 - Set database path to: C:\ST\STM32CubeIDE_1.17.0\STM32CubeIDE\plugins\com.st.stm32cube.common.mx_6.13.0.202411220809\\db\/mcu/
2025-02-19 23:08:27,131 [INFO] ApiDb:274 - Set plugin database path to: C:\ST\STM32CubeIDE_1.17.0\STM32CubeIDE\plugins\com.st.stm32cube.common.mx_6.13.0.202411220809\\db\/plugins/boardmanager/
2025-02-19 23:08:27,131 [INFO] ApiDb:261 - Set plugin images path to: C:\ST\STM32CubeIDE_1.17.0\STM32CubeIDE\plugins\com.st.stm32cube.common.mx_6.13.0.202411220809\\db\/plugins/mcufinder/images/
2025-02-19 23:08:27,131 [WARN] DbFile:41 - Overriding database path with different value: C:\Users\djleong01\.stmcufinder\plugins\mcufinder/ => C:\Users\djleong01\.stmcufinder\plugins\mcufinder
2025-02-19 23:08:27,131 [INFO] ApiDb:250 - Set database path to: C:\Users\djleong01\.stmcufinder\plugins\mcufinder//mcu/
2025-02-19 23:08:27,131 [WARN] DbFile:41 - Overriding database path with different value: C:\Users\djleong01\.stmcufinder\plugins\mcufinder/ => C:\Users\djleong01\.stmcufinder\plugins\mcufinder
2025-02-19 23:08:27,131 [INFO] DbMcusAds:125 - Set database path to: C:\Users\djleong01\.stmcufinder\plugins\mcufinder//mcu/
2025-02-19 23:08:27,131 [WARN] DbFile:41 - Overriding database path with different value: C:\Users\djleong01\.stmcufinder\plugins\mcufinder/ => C:\Users\djleong01\.stmcufinder\plugins\mcufinder
2025-02-19 23:08:27,131 [WARN] DbFile:41 - Overriding database path with different value: C:\Users\djleong01\.stmcufinder\plugins\mcufinder/ => C:\Users\djleong01\.stmcufinder\plugins\mcufinder
2025-02-19 23:08:27,132 [INFO] CrossReferenceDbSqlite:203 - Set database path to: C:\Users\djleong01\.stmcufinder\plugins\mcufinder//mcu/cs/
2025-02-19 23:08:27,166 [INFO] ApplicationProperties:184 - Using Application install path: C:\ST\STM32CubeIDE_1.17.0\STM32CubeIDE\plugins\com.st.stm32cube.common.mx_6.13.0.202411220809
2025-02-19 23:08:27,176 [INFO] PluginManage:196 - Search for loadable plugins [exclusion list=, ]
2025-02-19 23:08:27,182 [INFO] PluginManage:310 - Check plugin analytics
2025-02-19 23:08:27,477 [INFO] AnalyticsPlugin:253 - Accepted Software Licenses: 
2025-02-19 23:08:27,478 [INFO] AnalyticsPlugin:255 - Accepted CMSIS Pack Licenses: 
2025-02-19 23:08:27,478 [INFO] AnalyticsPlugin:257 - Accepted Firmware Licenses: 
2025-02-19 23:08:27,482 [INFO] PluginManage:359 - Loaded plugin analytics (category:tool,tabindex:-1)
2025-02-19 23:08:27,482 [INFO] PluginManage:310 - Check plugin cadmodel
2025-02-19 23:08:27,491 [INFO] CADModel:105 - Init CAD model plugin
2025-02-19 23:08:27,493 [INFO] PluginManage:359 - Loaded plugin cadmodel (category:power,tabindex:5)
2025-02-19 23:08:27,499 [INFO] PluginManage:310 - Check plugin clock
2025-02-19 23:08:27,543 [INFO] PluginManage:359 - Loaded plugin clock (category:base,tabindex:2)
2025-02-19 23:08:27,544 [INFO] PluginManage:310 - Check plugin ddr
2025-02-19 23:08:27,550 [INFO] PluginManage:359 - Loaded plugin ddr (category:tool,tabindex:6)
2025-02-19 23:08:27,550 [INFO] PluginManage:310 - Check plugin filemanager
2025-02-19 23:08:27,822 [INFO] PluginManage:359 - Loaded plugin filemanager (category:base,tabindex:10)
2025-02-19 23:08:27,822 [INFO] PluginManage:310 - Check plugin ipmanager
2025-02-19 23:08:27,831 [INFO] PluginManage:359 - Loaded plugin ipmanager (category:base,tabindex:5)
2025-02-19 23:08:27,832 [INFO] PluginManage:310 - Check plugin lpbam
2025-02-19 23:08:27,858 [INFO] PluginManage:359 - Loaded plugin lpbam (category:base,tabindex:0)
2025-02-19 23:08:27,860 [INFO] PluginManage:310 - Check plugin memorymap
2025-02-19 23:08:27,901 [INFO] PluginManage:359 - Loaded plugin memorymap (category:base,tabindex:4)
2025-02-19 23:08:27,902 [INFO] PluginManage:310 - Check plugin pinoutandconfiguration
2025-02-19 23:08:27,919 [INFO] PluginManage:359 - Loaded plugin pinoutandconfiguration (category:base,tabindex:1)
2025-02-19 23:08:27,919 [INFO] PluginManage:310 - Check plugin pinoutconfig
2025-02-19 23:08:28,064 [WARN] SupportedApi:132 - Cannot load RTOS API schema: s4s-elt-must-match.1: The content of 'definitions' must match (annotation?, (simpleType | complexType)?, (unique | key | keyref)*)). A problem was found starting at: attribute.
2025-02-19 23:08:28,290 [INFO] PluginManage:359 - Loaded plugin pinoutconfig (category:base,tabindex:0)
2025-02-19 23:08:28,290 [INFO] PluginManage:310 - Check plugin power
2025-02-19 23:08:28,303 [INFO] PluginManage:359 - Loaded plugin power (category:power,tabindex:4)
2025-02-19 23:08:28,304 [INFO] PluginManage:310 - Check plugin projectmanager
2025-02-19 23:08:28,343 [INFO] PluginManage:359 - Loaded plugin projectmanager (category:projectmanager,tabindex:4)
2025-02-19 23:08:28,344 [INFO] PluginManage:310 - Check plugin rif
2025-02-19 23:08:28,367 [INFO] PluginManage:359 - Loaded plugin rif (category:base,tabindex:3)
2025-02-19 23:08:28,367 [INFO] PluginManage:310 - Check plugin thirdparty
2025-02-19 23:08:28,569 [WARN] IntegrityCheckThread:84 - waiting for thirdparty lock release [integrity check]
2025-02-19 23:08:28,569 [INFO] IntegrityCheckThread:86 - entering critical section [integrity check]
2025-02-19 23:08:28,570 [INFO] PluginManage:359 - Loaded plugin thirdparty (category:base,tabindex:-1)
2025-02-19 23:08:28,570 [INFO] PluginManage:310 - Check plugin tools
2025-02-19 23:08:28,570 [INFO] ThirdPartyUpdaterWithRetryManager:70 - Updater plugin not ready yet. [1/15]
2025-02-19 23:08:28,595 [INFO] PluginManage:359 - Loaded plugin tools (category:base,tabindex:7)
2025-02-19 23:08:28,595 [INFO] PluginManage:310 - Check plugin tutovideos
2025-02-19 23:08:28,820 [INFO] PluginManage:359 - Loaded plugin tutovideos (category:base,tabindex:-1)
2025-02-19 23:08:28,820 [INFO] PluginManage:310 - Check plugin updater
2025-02-19 23:08:28,872 [INFO] PluginManage:359 - Loaded plugin updater (category:base,tabindex:12)
2025-02-19 23:08:28,873 [INFO] PluginManage:310 - Check plugin userauth
2025-02-19 23:08:28,885 [INFO] UserAuth:118 - Init User Auth plugin
2025-02-19 23:08:28,887 [INFO] PluginManage:359 - Loaded plugin userauth (category:base,tabindex:14)
2025-02-19 23:08:28,888 [INFO] PluginManage:283 - PluginManage : Loaded plugins [18]
2025-02-19 23:08:29,244 [INFO] PinOutPanel:1589 - setPackage(No Configuration,No Configuration)
2025-02-19 23:08:29,402 [INFO] CADModel:165 - CPN selected for project level
2025-02-19 23:08:29,402 [INFO] CADModel:114 - Register for checkConnection events
2025-02-19 23:08:29,428 [INFO] IPUIPlugin:80 - create IPUIPlugin
2025-02-19 23:08:29,428 [INFO] PluginManager:220 - loadIPPluginJar : add adc
2025-02-19 23:08:29,434 [INFO] IPUIPlugin:80 - create IPUIPlugin
2025-02-19 23:08:29,434 [INFO] PluginManager:220 - loadIPPluginJar : add aes
2025-02-19 23:08:29,437 [INFO] IPUIPlugin:80 - create IPUIPlugin
2025-02-19 23:08:29,437 [INFO] PluginManager:220 - loadIPPluginJar : add can
2025-02-19 23:08:29,440 [INFO] IPUIPlugin:80 - create IPUIPlugin
2025-02-19 23:08:29,440 [INFO] PluginManager:220 - loadIPPluginJar : add comp
2025-02-19 23:08:29,451 [INFO] IPUIPlugin:80 - create IPUIPlugin
2025-02-19 23:08:29,453 [INFO] PluginManager:220 - loadIPPluginJar : add cryp
2025-02-19 23:08:29,471 [INFO] IPUIPlugin:80 - create IPUIPlugin
2025-02-19 23:08:29,473 [INFO] PluginManager:220 - loadIPPluginJar : add ddr_ctrl_phy
2025-02-19 23:08:29,482 [INFO] IPUIPlugin:80 - create IPUIPlugin
2025-02-19 23:08:29,483 [INFO] PluginManager:220 - loadIPPluginJar : add dfsdm
2025-02-19 23:08:29,496 [INFO] IPUIPlugin:80 - create IPUIPlugin
2025-02-19 23:08:29,497 [INFO] PluginManager:220 - loadIPPluginJar : add dma
2025-02-19 23:08:29,504 [INFO] IPUIPlugin:80 - create IPUIPlugin
2025-02-19 23:08:29,504 [INFO] PluginManager:220 - loadIPPluginJar : add dma3
2025-02-19 23:08:29,510 [INFO] IPUIPlugin:80 - create IPUIPlugin
2025-02-19 23:08:29,510 [INFO] PluginManager:220 - loadIPPluginJar : add extmemmanager
2025-02-19 23:08:29,514 [INFO] IPUIPlugin:80 - create IPUIPlugin
2025-02-19 23:08:29,514 [INFO] PluginManager:220 - loadIPPluginJar : add fatfs
2025-02-19 23:08:29,521 [INFO] IPUIPlugin:80 - create IPUIPlugin
2025-02-19 23:08:29,523 [INFO] PluginManager:220 - loadIPPluginJar : add fmc
2025-02-19 23:08:29,531 [INFO] IPUIPlugin:80 - create IPUIPlugin
2025-02-19 23:08:29,531 [INFO] PluginManager:220 - loadIPPluginJar : add freertos
2025-02-19 23:08:29,533 [INFO] IPUIPlugin:80 - create IPUIPlugin
2025-02-19 23:08:29,533 [INFO] PluginManager:220 - loadIPPluginJar : add genericplugin
2025-02-19 23:08:29,537 [INFO] IPUIPlugin:80 - create IPUIPlugin
2025-02-19 23:08:29,537 [INFO] PluginManager:220 - loadIPPluginJar : add gfxmmu
2025-02-19 23:08:29,543 [INFO] IPUIPlugin:80 - create IPUIPlugin
2025-02-19 23:08:29,543 [INFO] PluginManager:220 - loadIPPluginJar : add gic
2025-02-19 23:08:29,548 [INFO] IPUIPlugin:80 - create IPUIPlugin
2025-02-19 23:08:29,548 [INFO] PluginManager:220 - loadIPPluginJar : add gpio
2025-02-19 23:08:29,552 [INFO] IPUIPlugin:80 - create IPUIPlugin
2025-02-19 23:08:29,552 [INFO] PluginManager:220 - loadIPPluginJar : add gtzc
2025-02-19 23:08:29,555 [INFO] IPUIPlugin:80 - create IPUIPlugin
2025-02-19 23:08:29,555 [INFO] PluginManager:220 - loadIPPluginJar : add hash
2025-02-19 23:08:29,559 [INFO] IPUIPlugin:80 - create IPUIPlugin
2025-02-19 23:08:29,559 [INFO] PluginManager:220 - loadIPPluginJar : add i2c
2025-02-19 23:08:29,562 [INFO] IPUIPlugin:80 - create IPUIPlugin
2025-02-19 23:08:29,562 [INFO] PluginManager:220 - loadIPPluginJar : add i2s
2025-02-19 23:08:29,566 [INFO] IPUIPlugin:80 - create IPUIPlugin
2025-02-19 23:08:29,566 [INFO] PluginManager:220 - loadIPPluginJar : add i3c
2025-02-19 23:08:29,571 [INFO] IPUIPlugin:80 - create IPUIPlugin
2025-02-19 23:08:29,571 [INFO] PluginManager:220 - loadIPPluginJar : add ipddr
2025-02-19 23:08:29,579 [INFO] IPUIPlugin:80 - create IPUIPlugin
2025-02-19 23:08:29,579 [INFO] PluginManager:220 - loadIPPluginJar : add linkedlist
2025-02-19 23:08:29,583 [INFO] IPUIPlugin:80 - create IPUIPlugin
2025-02-19 23:08:29,583 [INFO] PluginManager:220 - loadIPPluginJar : add lorawan
2025-02-19 23:08:29,585 [INFO] IPUIPlugin:80 - create IPUIPlugin
2025-02-19 23:08:29,585 [INFO] PluginManager:220 - loadIPPluginJar : add ltdc
2025-02-19 23:08:29,594 [INFO] IPUIPlugin:80 - create IPUIPlugin
2025-02-19 23:08:29,594 [INFO] PluginManager:220 - loadIPPluginJar : add mdma
2025-02-19 23:08:29,599 [INFO] IPUIPlugin:80 - create IPUIPlugin
2025-02-19 23:08:29,599 [INFO] PluginManager:220 - loadIPPluginJar : add nvic
2025-02-19 23:08:29,601 [INFO] IPUIPlugin:80 - create IPUIPlugin
2025-02-19 23:08:29,601 [INFO] PluginManager:220 - loadIPPluginJar : add opamp
2025-02-19 23:08:29,606 [INFO] IPUIPlugin:80 - create IPUIPlugin
2025-02-19 23:08:29,606 [INFO] PluginManager:220 - loadIPPluginJar : add openamp
2025-02-19 23:08:29,610 [INFO] IPUIPlugin:80 - create IPUIPlugin
2025-02-19 23:08:29,610 [INFO] PluginManager:220 - loadIPPluginJar : add pdm2pcm
2025-02-19 23:08:29,616 [INFO] IPUIPlugin:80 - create IPUIPlugin
2025-02-19 23:08:29,617 [INFO] PluginManager:220 - loadIPPluginJar : add plateformsettings
2025-02-19 23:08:29,619 [INFO] IPUIPlugin:80 - create IPUIPlugin
2025-02-19 23:08:29,619 [INFO] PluginManager:220 - loadIPPluginJar : add quadspi
2025-02-19 23:08:29,621 [INFO] IPUIPlugin:80 - create IPUIPlugin
2025-02-19 23:08:29,621 [INFO] PluginManager:220 - loadIPPluginJar : add radio
2025-02-19 23:08:29,627 [INFO] IPUIPlugin:80 - create IPUIPlugin
2025-02-19 23:08:29,627 [INFO] PluginManager:220 - loadIPPluginJar : add resmgrutility
2025-02-19 23:08:29,630 [INFO] IPUIPlugin:80 - create IPUIPlugin
2025-02-19 23:08:29,630 [INFO] PluginManager:220 - loadIPPluginJar : add sai
2025-02-19 23:08:29,633 [INFO] IPUIPlugin:80 - create IPUIPlugin
2025-02-19 23:08:29,633 [INFO] PluginManager:220 - loadIPPluginJar : add spi
2025-02-19 23:08:29,638 [INFO] IPUIPlugin:80 - create IPUIPlugin
2025-02-19 23:08:29,638 [INFO] PluginManager:220 - loadIPPluginJar : add stm32_wpan
2025-02-19 23:08:29,641 [INFO] IPUIPlugin:80 - create IPUIPlugin
2025-02-19 23:08:29,641 [INFO] PluginManager:220 - loadIPPluginJar : add tim
2025-02-19 23:08:29,644 [INFO] IPUIPlugin:80 - create IPUIPlugin
2025-02-19 23:08:29,644 [INFO] PluginManager:220 - loadIPPluginJar : add touchsensing
2025-02-19 23:08:29,646 [INFO] IPUIPlugin:80 - create IPUIPlugin
2025-02-19 23:08:29,646 [INFO] PluginManager:220 - loadIPPluginJar : add tracer_emb
2025-02-19 23:08:29,649 [INFO] IPUIPlugin:80 - create IPUIPlugin
2025-02-19 23:08:29,649 [INFO] PluginManager:220 - loadIPPluginJar : add ts
2025-02-19 23:08:29,651 [INFO] IPUIPlugin:80 - create IPUIPlugin
2025-02-19 23:08:29,651 [INFO] PluginManager:220 - loadIPPluginJar : add tsc
2025-02-19 23:08:29,653 [INFO] IPUIPlugin:80 - create IPUIPlugin
2025-02-19 23:08:29,653 [INFO] PluginManager:220 - loadIPPluginJar : add ucpd
2025-02-19 23:08:29,657 [INFO] IPUIPlugin:80 - create IPUIPlugin
2025-02-19 23:08:29,657 [INFO] PluginManager:220 - loadIPPluginJar : add usart
2025-02-19 23:08:29,661 [INFO] IPUIPlugin:80 - create IPUIPlugin
2025-02-19 23:08:29,661 [INFO] PluginManager:220 - loadIPPluginJar : add usbx
2025-02-19 23:08:29,859 [FATAL] Updater:351 - Updater called before beeing initialized
2025-02-19 23:08:29,910 [INFO] RulesReader:64 - Compatibility file has been processed (297 Rules)
2025-02-19 23:08:29,925 [INFO] RulesReader:64 - Compatibility file has been processed (297 Rules)
2025-02-19 23:08:29,970 [INFO] CADModel:165 - CPN selected for project level
2025-02-19 23:08:29,970 [INFO] CADModel:114 - Register for checkConnection events
2025-02-19 23:08:29,970 [FATAL] Updater:351 - Updater called before beeing initialized
2025-02-19 23:08:29,970 [ERROR] CADModel:125 - Updater not yet initialized, retry later 
2025-02-19 23:08:30,344 [FATAL] Updater:351 - Updater called before beeing initialized
2025-02-19 23:08:30,363 [INFO] CADModel:165 - CPN selected for project level
2025-02-19 23:08:30,364 [INFO] CADModel:114 - Register for checkConnection events
2025-02-19 23:08:30,365 [FATAL] Updater:351 - Updater called before beeing initialized
2025-02-19 23:08:30,365 [ERROR] CADModel:125 - Updater not yet initialized, retry later 
2025-02-19 23:08:30,377 [FATAL] Updater:351 - Updater called before beeing initialized
2025-02-19 23:08:30,556 [FATAL] Updater:351 - Updater called before beeing initialized
2025-02-19 23:08:30,561 [INFO] DbMcusAds:53 - JSON generation date=Thu Sep 30 14:55:09 SGT 2021 (1632984909247)
2025-02-19 23:08:30,561 [FATAL] Updater:351 - Updater called before beeing initialized
2025-02-19 23:08:30,642 [WARN] DetailPanel:346 - Failed to get advertising image, set to default
2025-02-19 23:08:30,967 [FATAL] Updater:351 - Updater called before beeing initialized
2025-02-19 23:08:30,970 [FATAL] Updater:351 - Updater called before beeing initialized
2025-02-19 23:08:30,970 [FATAL] Updater:351 - Updater called before beeing initialized
2025-02-19 23:08:30,970 [WARN] DetailPanel:346 - Failed to get advertising image, set to default
2025-02-19 23:08:30,971 [FATAL] Updater:351 - Updater called before beeing initialized
2025-02-19 23:08:31,082 [ERROR] Updater:1198 - MainUpdater not yet initialized. External WinMGr cannot be set.
2025-02-19 23:08:31,084 [INFO] Updater:1134 - Updater Version found : 6.13.0
2025-02-19 23:08:31,107 [INFO] ApplicationProperties:184 - Using Application install path: C:\ST\STM32CubeIDE_1.17.0\STM32CubeIDE\plugins\com.st.stm32cube.common.mx_6.13.0.202411220809
2025-02-19 23:08:31,571 [INFO] ThirdPartyUpdaterWithRetryManager:70 - Updater plugin not ready yet. [2/15]
2025-02-19 23:08:32,691 [ERROR] LogOutputStream:75 - [STDERR_REDIRECT] Feb 19, 2025 11:08:32 PM java.util.prefs.WindowsPreferences <init>
2025-02-19 23:08:32,692 [ERROR] LogOutputStream:75 - [STDERR_REDIRECT] WARNING: Could not open/create prefs root node Software\JavaSoft\Prefs at root 0xffffffff80000002. Windows RegCreateKeyEx(...) returned error code 5.
2025-02-19 23:08:32,692 [ERROR] LogOutputStream:75 - [STDERR_REDIRECT] 
2025-02-19 23:08:33,246 [INFO] MainUpdater:2872 - connection check result : 10
2025-02-19 23:08:33,246 [INFO] MainUpdater:289 - Updater Check For Update Now.
2025-02-19 23:08:33,247 [INFO] MicroXplorer:498 - Change Database Version : DB.6.0.130
2025-02-19 23:08:33,259 [INFO] McuFinderGlobals:63 - Set McuFinder mode to 2 (CubeIDE integrated)
2025-02-19 23:08:33,260 [INFO] UserAuth:171 - activating auth plugin
2025-02-19 23:08:33,264 [INFO] UserAuth:486 - Internet connection configuration mode: 1
2025-02-19 23:08:33,361 [INFO] JxBrowserEngine:152 - Initiate JxBrowser Engine with user profile folder
2025-02-19 23:08:33,498 [INFO] CheckServerUpdateThread:120 - End of CheckServer Thread
2025-02-19 23:08:34,370 [INFO] WebApp:168 - Instantiating new browser for Auth
2025-02-19 23:08:34,905 [WARN] PackLoader:240 - Cannot read IP mode file for STMicroelectronics.FP-SNS-MOTENVWB1.1.4.0
2025-02-19 23:08:34,915 [WARN] PackLoader:240 - Cannot read IP mode file for STMicroelectronics.FP-ATR-ASTRA1.2.0.1
2025-02-19 23:08:34,928 [WARN] PackLoader:240 - Cannot read IP mode file for STMicroelectronics.X-CUBE-SMBUS.2.1.0
2025-02-19 23:08:34,940 [WARN] PackLoader:240 - Cannot read IP mode file for STMicroelectronics.X-CUBE-WB05N.1.1.0
2025-02-19 23:08:34,978 [WARN] PackLoader:240 - Cannot read IP mode file for STMicroelectronics.X-CUBE-AZRTOS-F7.1.1.0
2025-02-19 23:08:34,991 [WARN] PackLoader:240 - Cannot read IP mode file for STMicroelectronics.FP-SNS-FLIGHT1.5.0.2
2025-02-19 23:08:35,024 [WARN] PackLoader:240 - Cannot read IP mode file for Infineon.AIROC-Wi-Fi-Bluetooth-STM32.1.7.0
2025-02-19 23:08:35,045 [WARN] PackLoader:240 - Cannot read IP mode file for STMicroelectronics.X-CUBE-DISPLAY.3.0.0
2025-02-19 23:08:35,058 [WARN] PackLoader:240 - Cannot read IP mode file for STMicroelectronics.X-CUBE-BLE1.7.0.0
2025-02-19 23:08:35,066 [WARN] PackLoader:240 - Cannot read IP mode file for STMicroelectronics.X-CUBE-NFC10.1.0.0
2025-02-19 23:08:35,081 [WARN] PackLoader:240 - Cannot read IP mode file for STMicroelectronics.X-CUBE-BLEMGR.4.0.0
2025-02-19 23:08:35,093 [WARN] PackLoader:240 - Cannot read IP mode file for emotas.I-CUBE-CANOPEN.1.3.0
2025-02-19 23:08:35,099 [WARN] PackLoader:240 - Cannot read IP mode file for STMicroelectronics.X-CUBE-AI.10.0.0
2025-02-19 23:08:35,106 [WARN] PackLoader:240 - Cannot read IP mode file for STMicroelectronics.FP-SNS-SMARTAG2.1.2.0
2025-02-19 23:08:35,170 [WARN] PackLoader:240 - Cannot read IP mode file for STMicroelectronics.X-CUBE-MEMS1.11.1.0
2025-02-19 23:08:35,373 [INFO] LogOutputStream:77 - [STDOUT_REDIRECT] 1 : Invalid condition id : UX_CORESTACK_Condition cause : null
2025-02-19 23:08:35,374 [INFO] LogOutputStream:77 - [STDOUT_REDIRECT] 1 : Invalid condition id : UX_CORESTACK_Condition cause : null
2025-02-19 23:08:35,376 [INFO] LogOutputStream:77 - [STDOUT_REDIRECT] 1 : Invalid condition id : UX_CORESTACK_Condition cause : null
2025-02-19 23:08:35,378 [INFO] LogOutputStream:77 - [STDOUT_REDIRECT] 1 : Invalid condition id : UX_CORESTACK_Condition cause : null
2025-02-19 23:08:35,380 [INFO] LogOutputStream:77 - [STDOUT_REDIRECT] 1 : Invalid condition id : UX_CORESTACK_Condition cause : null
2025-02-19 23:08:35,382 [WARN] PackLoader:240 - Cannot read IP mode file for STMicroelectronics.X-CUBE-AZRTOS-WL.2.0.0
2025-02-19 23:08:35,390 [WARN] PackLoader:240 - Cannot read IP mode file for STMicroelectronics.FP-SNS-MOTENV1.5.0.0
2025-02-19 23:08:35,397 [WARN] PackLoader:240 - Cannot read IP mode file for wolfSSL.I-CUBE-wolfMQTT.1.19.0
2025-02-19 23:08:35,426 [WARN] PackLoader:240 - Cannot read IP mode file for WES.I-CUBE-Cesium.1.3.0
2025-02-19 23:08:35,436 [WARN] PackLoader:240 - Cannot read IP mode file for STMicroelectronics.X-CUBE-BLE2.3.3.0
2025-02-19 23:08:35,447 [WARN] PackLoader:240 - Cannot read IP mode file for STMicroelectronics.X-CUBE-NFC9.1.0.0
2025-02-19 23:08:35,480 [WARN] PackLoader:240 - Cannot read IP mode file for STMicroelectronics.X-CUBE-AZRTOS-G0.1.1.0
2025-02-19 23:08:35,509 [WARN] PackLoader:240 - Cannot read IP mode file for STMicroelectronics.X-CUBE-SAFEA1.1.2.2
2025-02-19 23:08:35,524 [WARN] PackLoader:240 - Cannot read IP mode file for STMicroelectronics.X-CUBE-NFC4.3.0.0
2025-02-19 23:08:35,535 [WARN] PackLoader:240 - Cannot read IP mode file for EmbeddedOffice.I-CUBE-FS-RTOS.1.0.1
2025-02-19 23:08:35,543 [WARN] PackLoader:240 - Cannot read IP mode file for STMicroelectronics.X-CUBE-TCPP.4.2.0
2025-02-19 23:08:35,553 [WARN] PackLoader:240 - Cannot read IP mode file for RealThread.X-CUBE-RT-Thread_Nano.4.1.1
2025-02-19 23:08:35,558 [WARN] PackLoader:240 - Cannot read IP mode file for STMicroelectronics.FP-ATR-SIGFOX1.3.2.0
2025-02-19 23:08:35,567 [WARN] ConditionMgr:438 - getConditionDescription Invalid condition id : Cortex-A Device cause : null
2025-02-19 23:08:35,590 [WARN] ConditionMgr:1044 - genDependencies : Invalid condition id : Cortex-A Device cause : null
2025-02-19 23:08:35,590 [WARN] ConditionMgr:1044 - genDependencies : Invalid condition id : Cortex-A Device cause : null
2025-02-19 23:08:35,590 [WARN] ConditionMgr:1044 - genDependencies : Invalid condition id : Cortex-A Device cause : null
2025-02-19 23:08:35,598 [WARN] PackLoader:240 - Cannot read IP mode file for STMicroelectronics.X-CUBE-EEPRMA1.5.1.0
2025-02-19 23:08:35,608 [WARN] PackLoader:240 - Cannot read IP mode file for wolfSSL.I-CUBE-wolfSSL.5.7.6
2025-02-19 23:08:35,617 [WARN] PackLoader:240 - Cannot read IP mode file for ITTIA_DB.I-CUBE-ITTIADB.8.9.0
2025-02-19 23:08:35,634 [INFO] WebApp:449 - Apply proxy settings
2025-02-19 23:08:35,635 [INFO] WebApp:534 - Chromium requires no authentication
2025-02-19 23:08:35,647 [WARN] PackLoader:240 - Cannot read IP mode file for SEGGER.I-CUBE-embOS.1.3.1
2025-02-19 23:08:35,660 [INFO] WebApp:477 - Direct internet connection detected
2025-02-19 23:08:35,709 [WARN] PackLoader:240 - Cannot read IP mode file for STMicroelectronics.X-CUBE-ALGOBUILD.1.4.0
2025-02-19 23:08:35,728 [WARN] PackLoader:240 - Cannot read IP mode file for STMicroelectronics.X-CUBE-AZRTOS-F4.1.1.0
2025-02-19 23:08:35,738 [WARN] PackLoader:240 - Cannot read IP mode file for STMicroelectronics.X-CUBE-ISPU.2.1.0
2025-02-19 23:08:35,739 [INFO] WebApp:880 - Register for checkConnection events
2025-02-19 23:08:35,739 [INFO] WebApp:449 - Apply proxy settings
2025-02-19 23:08:35,740 [INFO] WebApp:534 - Chromium requires no authentication
2025-02-19 23:08:35,741 [INFO] WebApp:477 - Direct internet connection detected
2025-02-19 23:08:35,755 [WARN] PackLoader:240 - Cannot read IP mode file for STMicroelectronics.X-CUBE-AZRTOS-L5.2.0.0
2025-02-19 23:08:35,767 [WARN] PackLoader:240 - Cannot read IP mode file for STMicroelectronics.X-CUBE-NFC6.3.1.0
2025-02-19 23:08:35,776 [WARN] PackLoader:240 - Cannot read IP mode file for STMicroelectronics.X-CUBE-DPower.1.2.0
2025-02-19 23:08:35,782 [WARN] PackLoader:240 - Cannot read IP mode file for STMicroelectronics.X-CUBE-FREERTOS.1.3.0
2025-02-19 23:08:35,790 [WARN] PackLoader:240 - Cannot read IP mode file for STMicroelectronics.X-CUBE-NFC7.1.0.1
2025-02-19 23:08:35,807 [WARN] ConditionMgr:438 - getConditionDescription Invalid condition id : LAN8742 Phy interface Condition cause : null
2025-02-19 23:08:35,808 [WARN] PackLoader:240 - Cannot read IP mode file for STMicroelectronics.X-CUBE-AZRTOS-L4.2.0.0
2025-02-19 23:08:35,810 [WARN] ConditionMgr:1044 - genDependencies : Invalid condition id : LAN8742 Phy interface Condition cause : null
2025-02-19 23:08:35,810 [WARN] ConditionMgr:1044 - genDependencies : Invalid condition id : LAN8742 Phy interface Condition cause : null
2025-02-19 23:08:35,810 [WARN] ConditionMgr:1044 - genDependencies : Invalid condition id : LAN8742 Phy interface Condition cause : null
2025-02-19 23:08:35,819 [WARN] PackLoader:240 - Cannot read IP mode file for STMicroelectronics.X-CUBE-SFXS2LP1.4.0.0
2025-02-19 23:08:35,855 [WARN] PackLoader:240 - Cannot read IP mode file for STMicroelectronics.X-CUBE-AZRTOS-H7.3.3.0
2025-02-19 23:08:35,881 [WARN] ConditionMgr:438 - getConditionDescription Invalid condition id : UX DEVICE CLASS RTOS Condition cause : null
2025-02-19 23:08:35,883 [WARN] ConditionMgr:438 - getConditionDescription Invalid condition id : UX DEVICE CLASS RTOS Condition cause : null
2025-02-19 23:08:35,887 [WARN] PackLoader:240 - Cannot read IP mode file for STMicroelectronics.X-CUBE-AZRTOS-WB.2.0.0
2025-02-19 23:08:35,888 [WARN] ConditionMgr:1044 - genDependencies : Invalid condition id : UX DEVICE CLASS RTOS Condition cause : null
2025-02-19 23:08:35,889 [WARN] ConditionMgr:1044 - genDependencies : Invalid condition id : UX DEVICE CLASS RTOS Condition cause : null
2025-02-19 23:08:35,891 [WARN] ConditionMgr:1044 - genDependencies : Invalid condition id : UX DEVICE CLASS RTOS Condition cause : null
2025-02-19 23:08:35,891 [WARN] ConditionMgr:1044 - genDependencies : Invalid condition id : UX DEVICE CLASS RTOS Condition cause : null
2025-02-19 23:08:35,893 [WARN] ConditionMgr:1044 - genDependencies : Invalid condition id : UX DEVICE CLASS RTOS Condition cause : null
2025-02-19 23:08:35,904 [WARN] PackLoader:240 - Cannot read IP mode file for STMicroelectronics.X-CUBE-GNSS1.7.0.1
2025-02-19 23:08:35,917 [WARN] PackLoader:240 - Cannot read IP mode file for STMicroelectronics.FP-SNS-STBOX1.2.0.0
2025-02-19 23:08:35,937 [INFO] WebApp:187 - Connection restablished
2025-02-19 23:08:35,945 [WARN] PackLoader:240 - Cannot read IP mode file for STMicroelectronics.X-CUBE-SUBG2.5.0.0
2025-02-19 23:08:35,964 [WARN] PackLoader:240 - Cannot read IP mode file for Cesanta.I-CUBE-Mongoose.7.13.0
2025-02-19 23:08:35,981 [WARN] PackLoader:240 - Cannot read IP mode file for STMicroelectronics.X-CUBE-AZRTOS-G4.2.0.0
2025-02-19 23:08:36,000 [WARN] PackLoader:240 - Cannot read IP mode file for STMicroelectronics.X-CUBE-IPS.3.1.0
2025-02-19 23:08:36,022 [WARN] PackLoader:240 - Cannot read IP mode file for STMicroelectronics.X-CUBE-ALS.1.0.2
2025-02-19 23:08:36,033 [WARN] PackLoader:240 - Cannot read IP mode file for STMicroelectronics.X-CUBE-TOUCHGFX.4.24.2
2025-02-19 23:08:36,041 [WARN] PackLoader:240 - Cannot read IP mode file for wolfSSL.I-CUBE-wolfTPM.3.4.0
2025-02-19 23:08:36,050 [WARN] PackLoader:240 - Cannot read IP mode file for portGmbH.I-Cube-SoM-uGOAL.1.1.0
2025-02-19 23:08:36,068 [WARN] PackLoader:240 - Cannot read IP mode file for STMicroelectronics.X-CUBE-AZRTOS-H7RS.1.0.0
2025-02-19 23:08:36,086 [WARN] PackLoader:240 - Cannot read IP mode file for STMicroelectronics.X-CUBE-TOF1.3.4.2
2025-02-19 23:08:36,109 [WARN] PackLoader:240 - Cannot read IP mode file for wolfSSL.I-CUBE-wolfSSH.1.4.17
2025-02-19 23:08:36,110 [INFO] ThirdParty:978 - Integrity check success = true
2025-02-19 23:08:36,110 [INFO] IntegrityCheckThread:100 - exiting critical section [integrity check]
2025-02-19 23:08:36,110 [INFO] IntegrityCheckThread:103 - End integrity checks thread
2025-02-19 23:08:36,381 [INFO] WebApp:221 - Starting web application
2025-02-19 23:08:36,381 [INFO] WebApp:579 - Web application path used C:\ST\STM32CubeIDE_1.17.0\STM32CubeIDE\plugins\com.st.stm32cube.common.mx_6.13.0.202411220809\db\plugins\mcufinder\reactClient1\index.html
