2025-02-18 15:27:15,462 [INFO] Activator:176 - 


2025-02-18 15:27:15,462 [INFO] Activator:177 - !SESSION log4j initialized
2025-02-18 15:27:17,244 [INFO] LogOutputStream:77 - [STDOUT_REDIRECT] 
2025-02-18 15:27:18,724 [INFO] ApplicationProperties:184 - Using Application install path: C:\ST\STM32CubeIDE_1.17.0\STM32CubeIDE\plugins\com.st.stm32cube.common.mx_6.13.0.202411220809
2025-02-18 15:27:18,735 [INFO] DbMcusXml:78 - Set database path to: C:\ST\STM32CubeIDE_1.17.0\STM32CubeIDE\plugins\com.st.stm32cube.common.mx_6.13.0.202411220809\\db\/mcu/
2025-02-18 15:27:18,736 [INFO] ApiDb:274 - Set plugin database path to: C:\ST\STM32CubeIDE_1.17.0\STM32CubeIDE\plugins\com.st.stm32cube.common.mx_6.13.0.202411220809\\db\/plugins/boardmanager/
2025-02-18 15:27:18,736 [WARN] ApiDb:259 - Overriding images path with different value:  => C:\ST\STM32CubeIDE_1.17.0\STM32CubeIDE\plugins\com.st.stm32cube.common.mx_6.13.0.202411220809\\db\/plugins/mcufinder/images/
2025-02-18 15:27:18,740 [INFO] ApiDb:250 - Set database path to: C:\Users\djleong01\.stmcufinder\plugins\mcufinder//mcu/
2025-02-18 15:27:18,741 [INFO] DbMcusAds:125 - Set database path to: C:\Users\djleong01\.stmcufinder\plugins\mcufinder//mcu/
2025-02-18 15:27:18,742 [INFO] CrossReferenceDbSqlite:203 - Set database path to: C:\Users\djleong01\.stmcufinder\plugins\mcufinder//mcu/cs/
2025-02-18 15:27:18,817 [INFO] RulesReader:64 - Compatibility file has been processed (297 Rules)
2025-02-18 15:27:18,889 [INFO] DbMcusXml:78 - Set database path to: C:\ST\STM32CubeIDE_1.17.0\STM32CubeIDE\plugins\com.st.stm32cube.common.mx_6.13.0.202411220809\\db\/mcu/
2025-02-18 15:27:18,889 [INFO] ApiDb:274 - Set plugin database path to: C:\ST\STM32CubeIDE_1.17.0\STM32CubeIDE\plugins\com.st.stm32cube.common.mx_6.13.0.202411220809\\db\/plugins/boardmanager/
2025-02-18 15:27:18,889 [INFO] ApiDb:261 - Set plugin images path to: C:\ST\STM32CubeIDE_1.17.0\STM32CubeIDE\plugins\com.st.stm32cube.common.mx_6.13.0.202411220809\\db\/plugins/mcufinder/images/
2025-02-18 15:27:18,890 [WARN] DbFile:41 - Overriding database path with different value: C:\Users\djleong01\.stmcufinder\plugins\mcufinder/ => C:\Users\djleong01\.stmcufinder\plugins\mcufinder
2025-02-18 15:27:18,890 [INFO] ApiDb:250 - Set database path to: C:\Users\djleong01\.stmcufinder\plugins\mcufinder//mcu/
2025-02-18 15:27:18,890 [WARN] DbFile:41 - Overriding database path with different value: C:\Users\djleong01\.stmcufinder\plugins\mcufinder/ => C:\Users\djleong01\.stmcufinder\plugins\mcufinder
2025-02-18 15:27:18,890 [INFO] DbMcusAds:125 - Set database path to: C:\Users\djleong01\.stmcufinder\plugins\mcufinder//mcu/
2025-02-18 15:27:18,890 [WARN] DbFile:41 - Overriding database path with different value: C:\Users\djleong01\.stmcufinder\plugins\mcufinder/ => C:\Users\djleong01\.stmcufinder\plugins\mcufinder
2025-02-18 15:27:18,890 [WARN] DbFile:41 - Overriding database path with different value: C:\Users\djleong01\.stmcufinder\plugins\mcufinder/ => C:\Users\djleong01\.stmcufinder\plugins\mcufinder
2025-02-18 15:27:18,890 [INFO] CrossReferenceDbSqlite:203 - Set database path to: C:\Users\djleong01\.stmcufinder\plugins\mcufinder//mcu/cs/
2025-02-18 15:27:18,950 [INFO] MainPanel:272 - HeapMemory: 268435456
2025-02-18 15:27:19,017 [INFO] DbMcusXml:78 - Set database path to: C:\ST\STM32CubeIDE_1.17.0\STM32CubeIDE\plugins\com.st.stm32cube.common.mx_6.13.0.202411220809\\db\/mcu/
2025-02-18 15:27:19,017 [INFO] ApiDb:274 - Set plugin database path to: C:\ST\STM32CubeIDE_1.17.0\STM32CubeIDE\plugins\com.st.stm32cube.common.mx_6.13.0.202411220809\\db\/plugins/boardmanager/
2025-02-18 15:27:19,017 [INFO] ApiDb:261 - Set plugin images path to: C:\ST\STM32CubeIDE_1.17.0\STM32CubeIDE\plugins\com.st.stm32cube.common.mx_6.13.0.202411220809\\db\/plugins/mcufinder/images/
2025-02-18 15:27:19,017 [WARN] DbFile:41 - Overriding database path with different value: C:\Users\djleong01\.stmcufinder\plugins\mcufinder/ => C:\Users\djleong01\.stmcufinder\plugins\mcufinder
2025-02-18 15:27:19,017 [INFO] ApiDb:250 - Set database path to: C:\Users\djleong01\.stmcufinder\plugins\mcufinder//mcu/
2025-02-18 15:27:19,017 [WARN] DbFile:41 - Overriding database path with different value: C:\Users\djleong01\.stmcufinder\plugins\mcufinder/ => C:\Users\djleong01\.stmcufinder\plugins\mcufinder
2025-02-18 15:27:19,017 [INFO] DbMcusAds:125 - Set database path to: C:\Users\djleong01\.stmcufinder\plugins\mcufinder//mcu/
2025-02-18 15:27:19,017 [WARN] DbFile:41 - Overriding database path with different value: C:\Users\djleong01\.stmcufinder\plugins\mcufinder/ => C:\Users\djleong01\.stmcufinder\plugins\mcufinder
2025-02-18 15:27:19,018 [WARN] DbFile:41 - Overriding database path with different value: C:\Users\djleong01\.stmcufinder\plugins\mcufinder/ => C:\Users\djleong01\.stmcufinder\plugins\mcufinder
2025-02-18 15:27:19,018 [INFO] CrossReferenceDbSqlite:203 - Set database path to: C:\Users\djleong01\.stmcufinder\plugins\mcufinder//mcu/cs/
2025-02-18 15:27:19,033 [INFO] ApplicationProperties:184 - Using Application install path: C:\ST\STM32CubeIDE_1.17.0\STM32CubeIDE\plugins\com.st.stm32cube.common.mx_6.13.0.202411220809
2025-02-18 15:27:19,034 [INFO] PluginManage:196 - Search for loadable plugins [exclusion list=, ]
2025-02-18 15:27:19,035 [INFO] PluginManage:310 - Check plugin analytics
2025-02-18 15:27:19,195 [INFO] AnalyticsPlugin:253 - Accepted Software Licenses: 
2025-02-18 15:27:19,195 [INFO] AnalyticsPlugin:255 - Accepted CMSIS Pack Licenses: 
2025-02-18 15:27:19,195 [INFO] AnalyticsPlugin:257 - Accepted Firmware Licenses: 
2025-02-18 15:27:19,197 [INFO] PluginManage:359 - Loaded plugin analytics (category:tool,tabindex:-1)
2025-02-18 15:27:19,197 [INFO] PluginManage:310 - Check plugin cadmodel
2025-02-18 15:27:19,201 [INFO] CADModel:105 - Init CAD model plugin
2025-02-18 15:27:19,201 [INFO] PluginManage:359 - Loaded plugin cadmodel (category:power,tabindex:5)
2025-02-18 15:27:19,201 [INFO] PluginManage:310 - Check plugin clock
2025-02-18 15:27:19,208 [INFO] PluginManage:359 - Loaded plugin clock (category:base,tabindex:2)
2025-02-18 15:27:19,208 [INFO] PluginManage:310 - Check plugin ddr
2025-02-18 15:27:19,209 [INFO] PluginManage:359 - Loaded plugin ddr (category:tool,tabindex:6)
2025-02-18 15:27:19,210 [INFO] PluginManage:310 - Check plugin filemanager
2025-02-18 15:27:19,371 [INFO] PluginManage:359 - Loaded plugin filemanager (category:base,tabindex:10)
2025-02-18 15:27:19,371 [INFO] PluginManage:310 - Check plugin ipmanager
2025-02-18 15:27:19,378 [INFO] PluginManage:359 - Loaded plugin ipmanager (category:base,tabindex:5)
2025-02-18 15:27:19,378 [INFO] PluginManage:310 - Check plugin lpbam
2025-02-18 15:27:19,385 [INFO] PluginManage:359 - Loaded plugin lpbam (category:base,tabindex:0)
2025-02-18 15:27:19,385 [INFO] PluginManage:310 - Check plugin memorymap
2025-02-18 15:27:19,394 [INFO] PluginManage:359 - Loaded plugin memorymap (category:base,tabindex:4)
2025-02-18 15:27:19,394 [INFO] PluginManage:310 - Check plugin pinoutandconfiguration
2025-02-18 15:27:19,400 [INFO] PluginManage:359 - Loaded plugin pinoutandconfiguration (category:base,tabindex:1)
2025-02-18 15:27:19,400 [INFO] PluginManage:310 - Check plugin pinoutconfig
2025-02-18 15:27:19,458 [WARN] SupportedApi:132 - Cannot load RTOS API schema: s4s-elt-must-match.1: The content of 'definitions' must match (annotation?, (simpleType | complexType)?, (unique | key | keyref)*)). A problem was found starting at: attribute.
2025-02-18 15:27:19,546 [INFO] PluginManage:359 - Loaded plugin pinoutconfig (category:base,tabindex:0)
2025-02-18 15:27:19,547 [INFO] PluginManage:310 - Check plugin power
2025-02-18 15:27:19,553 [INFO] PluginManage:359 - Loaded plugin power (category:power,tabindex:4)
2025-02-18 15:27:19,553 [INFO] PluginManage:310 - Check plugin projectmanager
2025-02-18 15:27:19,565 [INFO] PluginManage:359 - Loaded plugin projectmanager (category:projectmanager,tabindex:4)
2025-02-18 15:27:19,565 [INFO] PluginManage:310 - Check plugin rif
2025-02-18 15:27:19,570 [INFO] PluginManage:359 - Loaded plugin rif (category:base,tabindex:3)
2025-02-18 15:27:19,570 [INFO] PluginManage:310 - Check plugin thirdparty
2025-02-18 15:27:19,669 [INFO] PluginManage:359 - Loaded plugin thirdparty (category:base,tabindex:-1)
2025-02-18 15:27:19,669 [INFO] PluginManage:310 - Check plugin tools
2025-02-18 15:27:19,669 [WARN] IntegrityCheckThread:84 - waiting for thirdparty lock release [integrity check]
2025-02-18 15:27:19,669 [INFO] IntegrityCheckThread:86 - entering critical section [integrity check]
2025-02-18 15:27:19,670 [INFO] ThirdPartyUpdaterWithRetryManager:70 - Updater plugin not ready yet. [1/15]
2025-02-18 15:27:19,672 [INFO] PluginManage:359 - Loaded plugin tools (category:base,tabindex:7)
2025-02-18 15:27:19,672 [INFO] PluginManage:310 - Check plugin tutovideos
2025-02-18 15:27:19,783 [INFO] PluginManage:359 - Loaded plugin tutovideos (category:base,tabindex:-1)
2025-02-18 15:27:19,783 [INFO] PluginManage:310 - Check plugin updater
2025-02-18 15:27:19,799 [INFO] PluginManage:359 - Loaded plugin updater (category:base,tabindex:12)
2025-02-18 15:27:19,799 [INFO] PluginManage:310 - Check plugin userauth
2025-02-18 15:27:19,801 [INFO] UserAuth:118 - Init User Auth plugin
2025-02-18 15:27:19,802 [INFO] PluginManage:359 - Loaded plugin userauth (category:base,tabindex:14)
2025-02-18 15:27:19,803 [INFO] PluginManage:283 - PluginManage : Loaded plugins [18]
2025-02-18 15:27:19,966 [INFO] PinOutPanel:1589 - setPackage(No Configuration,No Configuration)
2025-02-18 15:27:20,026 [INFO] CADModel:165 - CPN selected for project level
2025-02-18 15:27:20,026 [INFO] CADModel:114 - Register for checkConnection events
2025-02-18 15:27:20,037 [INFO] IPUIPlugin:80 - create IPUIPlugin
2025-02-18 15:27:20,037 [INFO] PluginManager:220 - loadIPPluginJar : add adc
2025-02-18 15:27:20,039 [INFO] IPUIPlugin:80 - create IPUIPlugin
2025-02-18 15:27:20,039 [INFO] PluginManager:220 - loadIPPluginJar : add aes
2025-02-18 15:27:20,040 [INFO] IPUIPlugin:80 - create IPUIPlugin
2025-02-18 15:27:20,041 [INFO] PluginManager:220 - loadIPPluginJar : add can
2025-02-18 15:27:20,042 [INFO] IPUIPlugin:80 - create IPUIPlugin
2025-02-18 15:27:20,042 [INFO] PluginManager:220 - loadIPPluginJar : add comp
2025-02-18 15:27:20,043 [INFO] IPUIPlugin:80 - create IPUIPlugin
2025-02-18 15:27:20,044 [INFO] PluginManager:220 - loadIPPluginJar : add cryp
2025-02-18 15:27:20,045 [INFO] IPUIPlugin:80 - create IPUIPlugin
2025-02-18 15:27:20,045 [INFO] PluginManager:220 - loadIPPluginJar : add ddr_ctrl_phy
2025-02-18 15:27:20,047 [INFO] IPUIPlugin:80 - create IPUIPlugin
2025-02-18 15:27:20,047 [INFO] PluginManager:220 - loadIPPluginJar : add dfsdm
2025-02-18 15:27:20,051 [INFO] IPUIPlugin:80 - create IPUIPlugin
2025-02-18 15:27:20,052 [INFO] PluginManager:220 - loadIPPluginJar : add dma
2025-02-18 15:27:20,054 [INFO] IPUIPlugin:80 - create IPUIPlugin
2025-02-18 15:27:20,054 [INFO] PluginManager:220 - loadIPPluginJar : add dma3
2025-02-18 15:27:20,057 [INFO] IPUIPlugin:80 - create IPUIPlugin
2025-02-18 15:27:20,057 [INFO] PluginManager:220 - loadIPPluginJar : add extmemmanager
2025-02-18 15:27:20,059 [INFO] IPUIPlugin:80 - create IPUIPlugin
2025-02-18 15:27:20,059 [INFO] PluginManager:220 - loadIPPluginJar : add fatfs
2025-02-18 15:27:20,063 [INFO] IPUIPlugin:80 - create IPUIPlugin
2025-02-18 15:27:20,063 [INFO] PluginManager:220 - loadIPPluginJar : add fmc
2025-02-18 15:27:20,072 [INFO] IPUIPlugin:80 - create IPUIPlugin
2025-02-18 15:27:20,072 [INFO] PluginManager:220 - loadIPPluginJar : add freertos
2025-02-18 15:27:20,074 [INFO] IPUIPlugin:80 - create IPUIPlugin
2025-02-18 15:27:20,074 [INFO] PluginManager:220 - loadIPPluginJar : add genericplugin
2025-02-18 15:27:20,076 [INFO] IPUIPlugin:80 - create IPUIPlugin
2025-02-18 15:27:20,076 [INFO] PluginManager:220 - loadIPPluginJar : add gfxmmu
2025-02-18 15:27:20,079 [INFO] IPUIPlugin:80 - create IPUIPlugin
2025-02-18 15:27:20,079 [INFO] PluginManager:220 - loadIPPluginJar : add gic
2025-02-18 15:27:20,082 [INFO] IPUIPlugin:80 - create IPUIPlugin
2025-02-18 15:27:20,082 [INFO] PluginManager:220 - loadIPPluginJar : add gpio
2025-02-18 15:27:20,083 [INFO] IPUIPlugin:80 - create IPUIPlugin
2025-02-18 15:27:20,083 [INFO] PluginManager:220 - loadIPPluginJar : add gtzc
2025-02-18 15:27:20,085 [INFO] IPUIPlugin:80 - create IPUIPlugin
2025-02-18 15:27:20,085 [INFO] PluginManager:220 - loadIPPluginJar : add hash
2025-02-18 15:27:20,087 [INFO] IPUIPlugin:80 - create IPUIPlugin
2025-02-18 15:27:20,087 [INFO] PluginManager:220 - loadIPPluginJar : add i2c
2025-02-18 15:27:20,088 [INFO] IPUIPlugin:80 - create IPUIPlugin
2025-02-18 15:27:20,088 [INFO] PluginManager:220 - loadIPPluginJar : add i2s
2025-02-18 15:27:20,090 [INFO] IPUIPlugin:80 - create IPUIPlugin
2025-02-18 15:27:20,090 [INFO] PluginManager:220 - loadIPPluginJar : add i3c
2025-02-18 15:27:20,092 [INFO] IPUIPlugin:80 - create IPUIPlugin
2025-02-18 15:27:20,092 [INFO] PluginManager:220 - loadIPPluginJar : add ipddr
2025-02-18 15:27:20,098 [INFO] IPUIPlugin:80 - create IPUIPlugin
2025-02-18 15:27:20,098 [INFO] PluginManager:220 - loadIPPluginJar : add linkedlist
2025-02-18 15:27:20,100 [INFO] IPUIPlugin:80 - create IPUIPlugin
2025-02-18 15:27:20,100 [INFO] PluginManager:220 - loadIPPluginJar : add lorawan
2025-02-18 15:27:20,101 [INFO] IPUIPlugin:80 - create IPUIPlugin
2025-02-18 15:27:20,101 [INFO] PluginManager:220 - loadIPPluginJar : add ltdc
2025-02-18 15:27:20,104 [INFO] IPUIPlugin:80 - create IPUIPlugin
2025-02-18 15:27:20,104 [INFO] PluginManager:220 - loadIPPluginJar : add mdma
2025-02-18 15:27:20,107 [INFO] IPUIPlugin:80 - create IPUIPlugin
2025-02-18 15:27:20,107 [INFO] PluginManager:220 - loadIPPluginJar : add nvic
2025-02-18 15:27:20,109 [INFO] IPUIPlugin:80 - create IPUIPlugin
2025-02-18 15:27:20,109 [INFO] PluginManager:220 - loadIPPluginJar : add opamp
2025-02-18 15:27:20,111 [INFO] IPUIPlugin:80 - create IPUIPlugin
2025-02-18 15:27:20,112 [INFO] PluginManager:220 - loadIPPluginJar : add openamp
2025-02-18 15:27:20,114 [INFO] IPUIPlugin:80 - create IPUIPlugin
2025-02-18 15:27:20,114 [INFO] PluginManager:220 - loadIPPluginJar : add pdm2pcm
2025-02-18 15:27:20,118 [INFO] IPUIPlugin:80 - create IPUIPlugin
2025-02-18 15:27:20,119 [INFO] PluginManager:220 - loadIPPluginJar : add plateformsettings
2025-02-18 15:27:20,121 [INFO] IPUIPlugin:80 - create IPUIPlugin
2025-02-18 15:27:20,121 [INFO] PluginManager:220 - loadIPPluginJar : add quadspi
2025-02-18 15:27:20,122 [INFO] IPUIPlugin:80 - create IPUIPlugin
2025-02-18 15:27:20,123 [INFO] PluginManager:220 - loadIPPluginJar : add radio
2025-02-18 15:27:20,126 [INFO] IPUIPlugin:80 - create IPUIPlugin
2025-02-18 15:27:20,126 [INFO] PluginManager:220 - loadIPPluginJar : add resmgrutility
2025-02-18 15:27:20,129 [INFO] IPUIPlugin:80 - create IPUIPlugin
2025-02-18 15:27:20,129 [INFO] PluginManager:220 - loadIPPluginJar : add sai
2025-02-18 15:27:20,130 [INFO] IPUIPlugin:80 - create IPUIPlugin
2025-02-18 15:27:20,130 [INFO] PluginManager:220 - loadIPPluginJar : add spi
2025-02-18 15:27:20,134 [INFO] IPUIPlugin:80 - create IPUIPlugin
2025-02-18 15:27:20,134 [INFO] PluginManager:220 - loadIPPluginJar : add stm32_wpan
2025-02-18 15:27:20,135 [INFO] IPUIPlugin:80 - create IPUIPlugin
2025-02-18 15:27:20,136 [INFO] PluginManager:220 - loadIPPluginJar : add tim
2025-02-18 15:27:20,138 [INFO] IPUIPlugin:80 - create IPUIPlugin
2025-02-18 15:27:20,138 [INFO] PluginManager:220 - loadIPPluginJar : add touchsensing
2025-02-18 15:27:20,140 [INFO] IPUIPlugin:80 - create IPUIPlugin
2025-02-18 15:27:20,140 [INFO] PluginManager:220 - loadIPPluginJar : add tracer_emb
2025-02-18 15:27:20,142 [INFO] IPUIPlugin:80 - create IPUIPlugin
2025-02-18 15:27:20,142 [INFO] PluginManager:220 - loadIPPluginJar : add ts
2025-02-18 15:27:20,144 [INFO] IPUIPlugin:80 - create IPUIPlugin
2025-02-18 15:27:20,144 [INFO] PluginManager:220 - loadIPPluginJar : add tsc
2025-02-18 15:27:20,145 [INFO] IPUIPlugin:80 - create IPUIPlugin
2025-02-18 15:27:20,145 [INFO] PluginManager:220 - loadIPPluginJar : add ucpd
2025-02-18 15:27:20,148 [INFO] IPUIPlugin:80 - create IPUIPlugin
2025-02-18 15:27:20,148 [INFO] PluginManager:220 - loadIPPluginJar : add usart
2025-02-18 15:27:20,150 [INFO] IPUIPlugin:80 - create IPUIPlugin
2025-02-18 15:27:20,150 [INFO] PluginManager:220 - loadIPPluginJar : add usbx
2025-02-18 15:27:20,266 [FATAL] Updater:351 - Updater called before beeing initialized
2025-02-18 15:27:20,285 [INFO] RulesReader:64 - Compatibility file has been processed (297 Rules)
2025-02-18 15:27:20,292 [INFO] RulesReader:64 - Compatibility file has been processed (297 Rules)
2025-02-18 15:27:20,299 [INFO] CADModel:165 - CPN selected for project level
2025-02-18 15:27:20,299 [INFO] CADModel:114 - Register for checkConnection events
2025-02-18 15:27:20,300 [FATAL] Updater:351 - Updater called before beeing initialized
2025-02-18 15:27:20,300 [ERROR] CADModel:125 - Updater not yet initialized, retry later 
2025-02-18 15:27:20,415 [FATAL] Updater:351 - Updater called before beeing initialized
2025-02-18 15:27:20,416 [INFO] CADModel:165 - CPN selected for project level
2025-02-18 15:27:20,416 [INFO] CADModel:114 - Register for checkConnection events
2025-02-18 15:27:20,416 [FATAL] Updater:351 - Updater called before beeing initialized
2025-02-18 15:27:20,416 [ERROR] CADModel:125 - Updater not yet initialized, retry later 
2025-02-18 15:27:20,419 [FATAL] Updater:351 - Updater called before beeing initialized
2025-02-18 15:27:20,485 [FATAL] Updater:351 - Updater called before beeing initialized
2025-02-18 15:27:20,488 [INFO] DbMcusAds:53 - JSON generation date=Thu Sep 30 14:55:09 SGT 2021 (1632984909247)
2025-02-18 15:27:20,488 [FATAL] Updater:351 - Updater called before beeing initialized
2025-02-18 15:27:20,513 [WARN] DetailPanel:346 - Failed to get advertising image, set to default
2025-02-18 15:27:20,692 [FATAL] Updater:351 - Updater called before beeing initialized
2025-02-18 15:27:20,694 [FATAL] Updater:351 - Updater called before beeing initialized
2025-02-18 15:27:20,694 [FATAL] Updater:351 - Updater called before beeing initialized
2025-02-18 15:27:20,694 [WARN] DetailPanel:346 - Failed to get advertising image, set to default
2025-02-18 15:27:20,694 [FATAL] Updater:351 - Updater called before beeing initialized
2025-02-18 15:27:20,729 [ERROR] Updater:1198 - MainUpdater not yet initialized. External WinMGr cannot be set.
2025-02-18 15:27:20,730 [INFO] Updater:1134 - Updater Version found : 6.13.0
2025-02-18 15:27:20,741 [INFO] ApplicationProperties:184 - Using Application install path: C:\ST\STM32CubeIDE_1.17.0\STM32CubeIDE\plugins\com.st.stm32cube.common.mx_6.13.0.202411220809
2025-02-18 15:27:22,309 [ERROR] LogOutputStream:75 - [STDERR_REDIRECT] Feb 18, 2025 3:27:22 PM java.util.prefs.WindowsPreferences <init>
2025-02-18 15:27:22,310 [ERROR] LogOutputStream:75 - [STDERR_REDIRECT] WARNING: Could not open/create prefs root node Software\JavaSoft\Prefs at root 0xffffffff80000002. Windows RegCreateKeyEx(...) returned error code 5.
2025-02-18 15:27:22,310 [ERROR] LogOutputStream:75 - [STDERR_REDIRECT] 
2025-02-18 15:27:22,537 [INFO] MainUpdater:2872 - connection check result : 10
2025-02-18 15:27:22,537 [INFO] MainUpdater:289 - Updater Check For Update Now.
2025-02-18 15:27:22,538 [INFO] MicroXplorer:498 - Change Database Version : DB.6.0.130
2025-02-18 15:27:22,542 [INFO] McuFinderGlobals:63 - Set McuFinder mode to 2 (CubeIDE integrated)
2025-02-18 15:27:22,542 [INFO] UserAuth:171 - activating auth plugin
2025-02-18 15:27:22,546 [INFO] UserAuth:486 - Internet connection configuration mode: 1
2025-02-18 15:27:22,576 [INFO] JxBrowserEngine:152 - Initiate JxBrowser Engine with user profile folder
2025-02-18 15:27:22,671 [WARN] MainUpdater:1193 - Updater busy. Cannot search thirdparties
2025-02-18 15:27:22,671 [INFO] ThirdPartyUpdaterWithRetryManager:96 - Updater plugin is busy. [1/15]
2025-02-18 15:27:22,708 [INFO] CheckServerUpdateThread:120 - End of CheckServer Thread
2025-02-18 15:27:23,091 [INFO] WebApp:168 - Instantiating new browser for Auth
2025-02-18 15:27:23,564 [INFO] WebApp:449 - Apply proxy settings
2025-02-18 15:27:23,564 [INFO] WebApp:534 - Chromium requires no authentication
2025-02-18 15:27:23,571 [INFO] WebApp:477 - Direct internet connection detected
2025-02-18 15:27:23,587 [INFO] WebApp:880 - Register for checkConnection events
2025-02-18 15:27:23,587 [INFO] WebApp:449 - Apply proxy settings
2025-02-18 15:27:23,587 [INFO] WebApp:534 - Chromium requires no authentication
2025-02-18 15:27:23,587 [INFO] WebApp:477 - Direct internet connection detected
2025-02-18 15:27:23,693 [INFO] WebApp:221 - Starting web application
2025-02-18 15:27:23,693 [INFO] WebApp:579 - Web application path used C:\ST\STM32CubeIDE_1.17.0\STM32CubeIDE\plugins\com.st.stm32cube.common.mx_6.13.0.202411220809\db\plugins\mcufinder\reactClient1\index.html
2025-02-18 15:27:23,905 [INFO] WebApp:187 - Connection restablished
2025-02-18 15:27:25,825 [WARN] PackLoader:240 - Cannot read IP mode file for STMicroelectronics.FP-SNS-MOTENVWB1.1.4.0
2025-02-18 15:27:25,832 [WARN] PackLoader:240 - Cannot read IP mode file for STMicroelectronics.FP-ATR-ASTRA1.2.0.1
2025-02-18 15:27:25,847 [WARN] PackLoader:240 - Cannot read IP mode file for STMicroelectronics.X-CUBE-SMBUS.2.1.0
2025-02-18 15:27:25,852 [WARN] PackLoader:240 - Cannot read IP mode file for STMicroelectronics.X-CUBE-WB05N.1.1.0
2025-02-18 15:27:25,876 [WARN] PackLoader:240 - Cannot read IP mode file for STMicroelectronics.X-CUBE-AZRTOS-F7.1.1.0
2025-02-18 15:27:25,883 [WARN] PackLoader:240 - Cannot read IP mode file for STMicroelectronics.FP-SNS-FLIGHT1.5.0.2
2025-02-18 15:27:25,902 [WARN] PackLoader:240 - Cannot read IP mode file for Infineon.AIROC-Wi-Fi-Bluetooth-STM32.1.7.0
2025-02-18 15:27:25,913 [WARN] PackLoader:240 - Cannot read IP mode file for STMicroelectronics.X-CUBE-DISPLAY.3.0.0
2025-02-18 15:27:25,920 [WARN] PackLoader:240 - Cannot read IP mode file for STMicroelectronics.X-CUBE-BLE1.7.0.0
2025-02-18 15:27:25,927 [WARN] PackLoader:240 - Cannot read IP mode file for STMicroelectronics.X-CUBE-NFC10.1.0.0
2025-02-18 15:27:25,936 [WARN] PackLoader:240 - Cannot read IP mode file for STMicroelectronics.X-CUBE-BLEMGR.4.0.0
2025-02-18 15:27:25,946 [WARN] PackLoader:240 - Cannot read IP mode file for emotas.I-CUBE-CANOPEN.1.3.0
2025-02-18 15:27:25,951 [WARN] PackLoader:240 - Cannot read IP mode file for STMicroelectronics.X-CUBE-AI.10.0.0
2025-02-18 15:27:25,957 [WARN] PackLoader:240 - Cannot read IP mode file for STMicroelectronics.FP-SNS-SMARTAG2.1.2.0
2025-02-18 15:27:26,005 [WARN] PackLoader:240 - Cannot read IP mode file for STMicroelectronics.X-CUBE-MEMS1.11.1.0
2025-02-18 15:27:26,118 [INFO] LogOutputStream:77 - [STDOUT_REDIRECT] 1 : Invalid condition id : UX_CORESTACK_Condition cause : null
2025-02-18 15:27:26,118 [INFO] LogOutputStream:77 - [STDOUT_REDIRECT] 1 : Invalid condition id : UX_CORESTACK_Condition cause : null
2025-02-18 15:27:26,119 [INFO] LogOutputStream:77 - [STDOUT_REDIRECT] 1 : Invalid condition id : UX_CORESTACK_Condition cause : null
2025-02-18 15:27:26,121 [INFO] LogOutputStream:77 - [STDOUT_REDIRECT] 1 : Invalid condition id : UX_CORESTACK_Condition cause : null
2025-02-18 15:27:26,122 [INFO] LogOutputStream:77 - [STDOUT_REDIRECT] 1 : Invalid condition id : UX_CORESTACK_Condition cause : null
2025-02-18 15:27:26,123 [WARN] PackLoader:240 - Cannot read IP mode file for STMicroelectronics.X-CUBE-AZRTOS-WL.2.0.0
2025-02-18 15:27:26,130 [WARN] PackLoader:240 - Cannot read IP mode file for STMicroelectronics.FP-SNS-MOTENV1.5.0.0
2025-02-18 15:27:26,136 [WARN] PackLoader:240 - Cannot read IP mode file for wolfSSL.I-CUBE-wolfMQTT.1.19.0
2025-02-18 15:27:26,145 [WARN] PackLoader:240 - Cannot read IP mode file for WES.I-CUBE-Cesium.1.3.0
2025-02-18 15:27:26,149 [WARN] PackLoader:240 - Cannot read IP mode file for STMicroelectronics.X-CUBE-BLE2.3.3.0
2025-02-18 15:27:26,153 [WARN] PackLoader:240 - Cannot read IP mode file for STMicroelectronics.X-CUBE-NFC9.1.0.0
2025-02-18 15:27:26,166 [WARN] PackLoader:240 - Cannot read IP mode file for STMicroelectronics.X-CUBE-AZRTOS-G0.1.1.0
2025-02-18 15:27:26,170 [WARN] PackLoader:240 - Cannot read IP mode file for STMicroelectronics.X-CUBE-SAFEA1.1.2.2
2025-02-18 15:27:26,176 [WARN] PackLoader:240 - Cannot read IP mode file for STMicroelectronics.X-CUBE-NFC4.3.0.0
2025-02-18 15:27:26,183 [WARN] PackLoader:240 - Cannot read IP mode file for EmbeddedOffice.I-CUBE-FS-RTOS.1.0.1
2025-02-18 15:27:26,188 [WARN] PackLoader:240 - Cannot read IP mode file for STMicroelectronics.X-CUBE-TCPP.4.2.0
2025-02-18 15:27:26,193 [WARN] PackLoader:240 - Cannot read IP mode file for RealThread.X-CUBE-RT-Thread_Nano.4.1.1
2025-02-18 15:27:26,197 [WARN] PackLoader:240 - Cannot read IP mode file for STMicroelectronics.FP-ATR-SIGFOX1.3.2.0
2025-02-18 15:27:26,202 [WARN] ConditionMgr:438 - getConditionDescription Invalid condition id : Cortex-A Device cause : null
2025-02-18 15:27:26,216 [WARN] ConditionMgr:1044 - genDependencies : Invalid condition id : Cortex-A Device cause : null
2025-02-18 15:27:26,216 [WARN] ConditionMgr:1044 - genDependencies : Invalid condition id : Cortex-A Device cause : null
2025-02-18 15:27:26,216 [WARN] ConditionMgr:1044 - genDependencies : Invalid condition id : Cortex-A Device cause : null
2025-02-18 15:27:26,223 [WARN] PackLoader:240 - Cannot read IP mode file for STMicroelectronics.X-CUBE-EEPRMA1.5.1.0
2025-02-18 15:27:26,228 [WARN] PackLoader:240 - Cannot read IP mode file for wolfSSL.I-CUBE-wolfSSL.5.7.6
2025-02-18 15:27:26,235 [WARN] PackLoader:240 - Cannot read IP mode file for ITTIA_DB.I-CUBE-ITTIADB.8.9.0
2025-02-18 15:27:26,261 [WARN] PackLoader:240 - Cannot read IP mode file for SEGGER.I-CUBE-embOS.1.3.1
2025-02-18 15:27:26,294 [WARN] PackLoader:240 - Cannot read IP mode file for STMicroelectronics.X-CUBE-ALGOBUILD.1.4.0
2025-02-18 15:27:26,328 [WARN] PackLoader:240 - Cannot read IP mode file for STMicroelectronics.X-CUBE-AZRTOS-F4.1.1.0
2025-02-18 15:27:26,339 [WARN] PackLoader:240 - Cannot read IP mode file for STMicroelectronics.X-CUBE-ISPU.2.1.0
2025-02-18 15:27:26,351 [WARN] PackLoader:240 - Cannot read IP mode file for STMicroelectronics.X-CUBE-AZRTOS-L5.2.0.0
2025-02-18 15:27:26,359 [WARN] PackLoader:240 - Cannot read IP mode file for STMicroelectronics.X-CUBE-NFC6.3.1.0
2025-02-18 15:27:26,365 [WARN] PackLoader:240 - Cannot read IP mode file for STMicroelectronics.X-CUBE-DPower.1.2.0
2025-02-18 15:27:26,369 [WARN] PackLoader:240 - Cannot read IP mode file for STMicroelectronics.X-CUBE-FREERTOS.1.3.0
2025-02-18 15:27:26,376 [WARN] PackLoader:240 - Cannot read IP mode file for STMicroelectronics.X-CUBE-NFC7.1.0.1
2025-02-18 15:27:26,387 [WARN] ConditionMgr:438 - getConditionDescription Invalid condition id : LAN8742 Phy interface Condition cause : null
2025-02-18 15:27:26,387 [WARN] PackLoader:240 - Cannot read IP mode file for STMicroelectronics.X-CUBE-AZRTOS-L4.2.0.0
2025-02-18 15:27:26,388 [WARN] ConditionMgr:1044 - genDependencies : Invalid condition id : LAN8742 Phy interface Condition cause : null
2025-02-18 15:27:26,388 [WARN] ConditionMgr:1044 - genDependencies : Invalid condition id : LAN8742 Phy interface Condition cause : null
2025-02-18 15:27:26,388 [WARN] ConditionMgr:1044 - genDependencies : Invalid condition id : LAN8742 Phy interface Condition cause : null
2025-02-18 15:27:26,395 [WARN] PackLoader:240 - Cannot read IP mode file for STMicroelectronics.X-CUBE-SFXS2LP1.4.0.0
2025-02-18 15:27:26,407 [WARN] PackLoader:240 - Cannot read IP mode file for STMicroelectronics.X-CUBE-AZRTOS-H7.3.3.0
2025-02-18 15:27:26,420 [WARN] ConditionMgr:438 - getConditionDescription Invalid condition id : UX DEVICE CLASS RTOS Condition cause : null
2025-02-18 15:27:26,420 [WARN] ConditionMgr:438 - getConditionDescription Invalid condition id : UX DEVICE CLASS RTOS Condition cause : null
2025-02-18 15:27:26,421 [WARN] PackLoader:240 - Cannot read IP mode file for STMicroelectronics.X-CUBE-AZRTOS-WB.2.0.0
2025-02-18 15:27:26,422 [WARN] ConditionMgr:1044 - genDependencies : Invalid condition id : UX DEVICE CLASS RTOS Condition cause : null
2025-02-18 15:27:26,422 [WARN] ConditionMgr:1044 - genDependencies : Invalid condition id : UX DEVICE CLASS RTOS Condition cause : null
2025-02-18 15:27:26,422 [WARN] ConditionMgr:1044 - genDependencies : Invalid condition id : UX DEVICE CLASS RTOS Condition cause : null
2025-02-18 15:27:26,422 [WARN] ConditionMgr:1044 - genDependencies : Invalid condition id : UX DEVICE CLASS RTOS Condition cause : null
2025-02-18 15:27:26,422 [WARN] ConditionMgr:1044 - genDependencies : Invalid condition id : UX DEVICE CLASS RTOS Condition cause : null
2025-02-18 15:27:26,429 [WARN] PackLoader:240 - Cannot read IP mode file for STMicroelectronics.X-CUBE-GNSS1.7.0.1
2025-02-18 15:27:26,436 [WARN] PackLoader:240 - Cannot read IP mode file for STMicroelectronics.FP-SNS-STBOX1.2.0.0
2025-02-18 15:27:26,446 [WARN] PackLoader:240 - Cannot read IP mode file for STMicroelectronics.X-CUBE-SUBG2.5.0.0
2025-02-18 15:27:26,453 [WARN] PackLoader:240 - Cannot read IP mode file for Cesanta.I-CUBE-Mongoose.7.13.0
2025-02-18 15:27:26,464 [WARN] PackLoader:240 - Cannot read IP mode file for STMicroelectronics.X-CUBE-AZRTOS-G4.2.0.0
2025-02-18 15:27:26,479 [WARN] PackLoader:240 - Cannot read IP mode file for STMicroelectronics.X-CUBE-IPS.3.1.0
2025-02-18 15:27:26,486 [WARN] PackLoader:240 - Cannot read IP mode file for STMicroelectronics.X-CUBE-ALS.1.0.2
2025-02-18 15:27:26,491 [WARN] PackLoader:240 - Cannot read IP mode file for STMicroelectronics.X-CUBE-TOUCHGFX.4.24.2
2025-02-18 15:27:26,495 [WARN] PackLoader:240 - Cannot read IP mode file for wolfSSL.I-CUBE-wolfTPM.3.4.0
2025-02-18 15:27:26,500 [WARN] PackLoader:240 - Cannot read IP mode file for portGmbH.I-Cube-SoM-uGOAL.1.1.0
2025-02-18 15:27:26,514 [WARN] PackLoader:240 - Cannot read IP mode file for STMicroelectronics.X-CUBE-AZRTOS-H7RS.1.0.0
2025-02-18 15:27:26,525 [WARN] PackLoader:240 - Cannot read IP mode file for STMicroelectronics.X-CUBE-TOF1.3.4.2
2025-02-18 15:27:26,536 [WARN] PackLoader:240 - Cannot read IP mode file for wolfSSL.I-CUBE-wolfSSH.1.4.17
2025-02-18 15:27:26,537 [INFO] ThirdParty:978 - Integrity check success = true
2025-02-18 15:27:26,537 [INFO] IntegrityCheckThread:100 - exiting critical section [integrity check]
2025-02-18 15:27:26,537 [INFO] IntegrityCheckThread:103 - End integrity checks thread
2025-02-18 15:34:49,585 [ERROR] LogOutputStream:75 - [STDERR_REDIRECT] 
2025-02-18 22:28:22,947 [INFO] Activator:176 - 


2025-02-18 22:28:22,951 [INFO] Activator:177 - !SESSION log4j initialized
2025-02-18 22:28:29,277 [INFO] LogOutputStream:77 - [STDOUT_REDIRECT] 
2025-02-18 22:28:30,208 [INFO] ApplicationProperties:184 - Using Application install path: C:\ST\STM32CubeIDE_1.17.0\STM32CubeIDE\plugins\com.st.stm32cube.common.mx_6.13.0.202411220809
2025-02-18 22:28:30,229 [INFO] DbMcusXml:78 - Set database path to: C:\ST\STM32CubeIDE_1.17.0\STM32CubeIDE\plugins\com.st.stm32cube.common.mx_6.13.0.202411220809\\db\/mcu/
2025-02-18 22:28:30,229 [INFO] ApiDb:274 - Set plugin database path to: C:\ST\STM32CubeIDE_1.17.0\STM32CubeIDE\plugins\com.st.stm32cube.common.mx_6.13.0.202411220809\\db\/plugins/boardmanager/
2025-02-18 22:28:30,229 [WARN] ApiDb:259 - Overriding images path with different value:  => C:\ST\STM32CubeIDE_1.17.0\STM32CubeIDE\plugins\com.st.stm32cube.common.mx_6.13.0.202411220809\\db\/plugins/mcufinder/images/
2025-02-18 22:28:30,239 [INFO] ApiDb:250 - Set database path to: C:\Users\djleong01\.stmcufinder\plugins\mcufinder//mcu/
2025-02-18 22:28:30,239 [INFO] DbMcusAds:125 - Set database path to: C:\Users\djleong01\.stmcufinder\plugins\mcufinder//mcu/
2025-02-18 22:28:30,239 [INFO] CrossReferenceDbSqlite:203 - Set database path to: C:\Users\djleong01\.stmcufinder\plugins\mcufinder//mcu/cs/
2025-02-18 22:28:30,371 [INFO] RulesReader:64 - Compatibility file has been processed (297 Rules)
2025-02-18 22:28:30,480 [INFO] DbMcusXml:78 - Set database path to: C:\ST\STM32CubeIDE_1.17.0\STM32CubeIDE\plugins\com.st.stm32cube.common.mx_6.13.0.202411220809\\db\/mcu/
2025-02-18 22:28:30,480 [INFO] ApiDb:274 - Set plugin database path to: C:\ST\STM32CubeIDE_1.17.0\STM32CubeIDE\plugins\com.st.stm32cube.common.mx_6.13.0.202411220809\\db\/plugins/boardmanager/
2025-02-18 22:28:30,480 [INFO] ApiDb:261 - Set plugin images path to: C:\ST\STM32CubeIDE_1.17.0\STM32CubeIDE\plugins\com.st.stm32cube.common.mx_6.13.0.202411220809\\db\/plugins/mcufinder/images/
2025-02-18 22:28:30,480 [WARN] DbFile:41 - Overriding database path with different value: C:\Users\djleong01\.stmcufinder\plugins\mcufinder/ => C:\Users\djleong01\.stmcufinder\plugins\mcufinder
2025-02-18 22:28:30,480 [INFO] ApiDb:250 - Set database path to: C:\Users\djleong01\.stmcufinder\plugins\mcufinder//mcu/
2025-02-18 22:28:30,480 [WARN] DbFile:41 - Overriding database path with different value: C:\Users\djleong01\.stmcufinder\plugins\mcufinder/ => C:\Users\djleong01\.stmcufinder\plugins\mcufinder
2025-02-18 22:28:30,480 [INFO] DbMcusAds:125 - Set database path to: C:\Users\djleong01\.stmcufinder\plugins\mcufinder//mcu/
2025-02-18 22:28:30,480 [WARN] DbFile:41 - Overriding database path with different value: C:\Users\djleong01\.stmcufinder\plugins\mcufinder/ => C:\Users\djleong01\.stmcufinder\plugins\mcufinder
2025-02-18 22:28:30,480 [WARN] DbFile:41 - Overriding database path with different value: C:\Users\djleong01\.stmcufinder\plugins\mcufinder/ => C:\Users\djleong01\.stmcufinder\plugins\mcufinder
2025-02-18 22:28:30,480 [INFO] CrossReferenceDbSqlite:203 - Set database path to: C:\Users\djleong01\.stmcufinder\plugins\mcufinder//mcu/cs/
2025-02-18 22:28:30,577 [INFO] MainPanel:272 - HeapMemory: 268435456
2025-02-18 22:28:30,717 [INFO] DbMcusXml:78 - Set database path to: C:\ST\STM32CubeIDE_1.17.0\STM32CubeIDE\plugins\com.st.stm32cube.common.mx_6.13.0.202411220809\\db\/mcu/
2025-02-18 22:28:30,717 [INFO] ApiDb:274 - Set plugin database path to: C:\ST\STM32CubeIDE_1.17.0\STM32CubeIDE\plugins\com.st.stm32cube.common.mx_6.13.0.202411220809\\db\/plugins/boardmanager/
2025-02-18 22:28:30,717 [INFO] ApiDb:261 - Set plugin images path to: C:\ST\STM32CubeIDE_1.17.0\STM32CubeIDE\plugins\com.st.stm32cube.common.mx_6.13.0.202411220809\\db\/plugins/mcufinder/images/
2025-02-18 22:28:30,717 [WARN] DbFile:41 - Overriding database path with different value: C:\Users\djleong01\.stmcufinder\plugins\mcufinder/ => C:\Users\djleong01\.stmcufinder\plugins\mcufinder
2025-02-18 22:28:30,719 [INFO] ApiDb:250 - Set database path to: C:\Users\djleong01\.stmcufinder\plugins\mcufinder//mcu/
2025-02-18 22:28:30,719 [WARN] DbFile:41 - Overriding database path with different value: C:\Users\djleong01\.stmcufinder\plugins\mcufinder/ => C:\Users\djleong01\.stmcufinder\plugins\mcufinder
2025-02-18 22:28:30,719 [INFO] DbMcusAds:125 - Set database path to: C:\Users\djleong01\.stmcufinder\plugins\mcufinder//mcu/
2025-02-18 22:28:30,719 [WARN] DbFile:41 - Overriding database path with different value: C:\Users\djleong01\.stmcufinder\plugins\mcufinder/ => C:\Users\djleong01\.stmcufinder\plugins\mcufinder
2025-02-18 22:28:30,719 [WARN] DbFile:41 - Overriding database path with different value: C:\Users\djleong01\.stmcufinder\plugins\mcufinder/ => C:\Users\djleong01\.stmcufinder\plugins\mcufinder
2025-02-18 22:28:30,719 [INFO] CrossReferenceDbSqlite:203 - Set database path to: C:\Users\djleong01\.stmcufinder\plugins\mcufinder//mcu/cs/
2025-02-18 22:28:30,740 [INFO] ApplicationProperties:184 - Using Application install path: C:\ST\STM32CubeIDE_1.17.0\STM32CubeIDE\plugins\com.st.stm32cube.common.mx_6.13.0.202411220809
2025-02-18 22:28:30,740 [INFO] PluginManage:196 - Search for loadable plugins [exclusion list=, ]
2025-02-18 22:28:30,744 [INFO] PluginManage:310 - Check plugin analytics
2025-02-18 22:28:30,936 [INFO] AnalyticsPlugin:253 - Accepted Software Licenses: 
2025-02-18 22:28:30,936 [INFO] AnalyticsPlugin:255 - Accepted CMSIS Pack Licenses: 
2025-02-18 22:28:30,936 [INFO] AnalyticsPlugin:257 - Accepted Firmware Licenses: 
2025-02-18 22:28:30,944 [INFO] PluginManage:359 - Loaded plugin analytics (category:tool,tabindex:-1)
2025-02-18 22:28:30,945 [INFO] PluginManage:310 - Check plugin cadmodel
2025-02-18 22:28:30,952 [INFO] CADModel:105 - Init CAD model plugin
2025-02-18 22:28:30,952 [INFO] PluginManage:359 - Loaded plugin cadmodel (category:power,tabindex:5)
2025-02-18 22:28:30,952 [INFO] PluginManage:310 - Check plugin clock
2025-02-18 22:28:30,965 [INFO] PluginManage:359 - Loaded plugin clock (category:base,tabindex:2)
2025-02-18 22:28:30,965 [INFO] PluginManage:310 - Check plugin ddr
2025-02-18 22:28:30,970 [INFO] PluginManage:359 - Loaded plugin ddr (category:tool,tabindex:6)
2025-02-18 22:28:30,970 [INFO] PluginManage:310 - Check plugin filemanager
2025-02-18 22:28:31,136 [INFO] PluginManage:359 - Loaded plugin filemanager (category:base,tabindex:10)
2025-02-18 22:28:31,136 [INFO] PluginManage:310 - Check plugin ipmanager
2025-02-18 22:28:31,146 [INFO] PluginManage:359 - Loaded plugin ipmanager (category:base,tabindex:5)
2025-02-18 22:28:31,147 [INFO] PluginManage:310 - Check plugin lpbam
2025-02-18 22:28:31,157 [INFO] PluginManage:359 - Loaded plugin lpbam (category:base,tabindex:0)
2025-02-18 22:28:31,158 [INFO] PluginManage:310 - Check plugin memorymap
2025-02-18 22:28:31,175 [INFO] PluginManage:359 - Loaded plugin memorymap (category:base,tabindex:4)
2025-02-18 22:28:31,175 [INFO] PluginManage:310 - Check plugin pinoutandconfiguration
2025-02-18 22:28:31,189 [INFO] PluginManage:359 - Loaded plugin pinoutandconfiguration (category:base,tabindex:1)
2025-02-18 22:28:31,189 [INFO] PluginManage:310 - Check plugin pinoutconfig
2025-02-18 22:28:31,300 [WARN] SupportedApi:132 - Cannot load RTOS API schema: s4s-elt-must-match.1: The content of 'definitions' must match (annotation?, (simpleType | complexType)?, (unique | key | keyref)*)). A problem was found starting at: attribute.
2025-02-18 22:28:31,478 [INFO] PluginManage:359 - Loaded plugin pinoutconfig (category:base,tabindex:0)
2025-02-18 22:28:31,478 [INFO] PluginManage:310 - Check plugin power
2025-02-18 22:28:31,492 [INFO] PluginManage:359 - Loaded plugin power (category:power,tabindex:4)
2025-02-18 22:28:31,492 [INFO] PluginManage:310 - Check plugin projectmanager
2025-02-18 22:28:31,515 [INFO] PluginManage:359 - Loaded plugin projectmanager (category:projectmanager,tabindex:4)
2025-02-18 22:28:31,516 [INFO] PluginManage:310 - Check plugin rif
2025-02-18 22:28:31,529 [INFO] PluginManage:359 - Loaded plugin rif (category:base,tabindex:3)
2025-02-18 22:28:31,529 [INFO] PluginManage:310 - Check plugin thirdparty
2025-02-18 22:28:31,682 [INFO] PluginManage:359 - Loaded plugin thirdparty (category:base,tabindex:-1)
2025-02-18 22:28:31,682 [WARN] IntegrityCheckThread:84 - waiting for thirdparty lock release [integrity check]
2025-02-18 22:28:31,682 [INFO] IntegrityCheckThread:86 - entering critical section [integrity check]
2025-02-18 22:28:31,682 [INFO] PluginManage:310 - Check plugin tools
2025-02-18 22:28:31,689 [INFO] ThirdPartyUpdaterWithRetryManager:70 - Updater plugin not ready yet. [1/15]
2025-02-18 22:28:31,692 [INFO] PluginManage:359 - Loaded plugin tools (category:base,tabindex:7)
2025-02-18 22:28:31,692 [INFO] PluginManage:310 - Check plugin tutovideos
2025-02-18 22:28:31,903 [INFO] PluginManage:359 - Loaded plugin tutovideos (category:base,tabindex:-1)
2025-02-18 22:28:31,903 [INFO] PluginManage:310 - Check plugin updater
2025-02-18 22:28:31,927 [INFO] PluginManage:359 - Loaded plugin updater (category:base,tabindex:12)
2025-02-18 22:28:31,928 [INFO] PluginManage:310 - Check plugin userauth
2025-02-18 22:28:31,932 [INFO] UserAuth:118 - Init User Auth plugin
2025-02-18 22:28:31,933 [INFO] PluginManage:359 - Loaded plugin userauth (category:base,tabindex:14)
2025-02-18 22:28:31,934 [INFO] PluginManage:283 - PluginManage : Loaded plugins [18]
2025-02-18 22:28:32,159 [INFO] PinOutPanel:1589 - setPackage(No Configuration,No Configuration)
2025-02-18 22:28:32,248 [INFO] CADModel:165 - CPN selected for project level
2025-02-18 22:28:32,248 [INFO] CADModel:114 - Register for checkConnection events
2025-02-18 22:28:32,269 [INFO] IPUIPlugin:80 - create IPUIPlugin
2025-02-18 22:28:32,269 [INFO] PluginManager:220 - loadIPPluginJar : add adc
2025-02-18 22:28:32,273 [INFO] IPUIPlugin:80 - create IPUIPlugin
2025-02-18 22:28:32,274 [INFO] PluginManager:220 - loadIPPluginJar : add aes
2025-02-18 22:28:32,277 [INFO] IPUIPlugin:80 - create IPUIPlugin
2025-02-18 22:28:32,277 [INFO] PluginManager:220 - loadIPPluginJar : add can
2025-02-18 22:28:32,279 [INFO] IPUIPlugin:80 - create IPUIPlugin
2025-02-18 22:28:32,279 [INFO] PluginManager:220 - loadIPPluginJar : add comp
2025-02-18 22:28:32,282 [INFO] IPUIPlugin:80 - create IPUIPlugin
2025-02-18 22:28:32,282 [INFO] PluginManager:220 - loadIPPluginJar : add cryp
2025-02-18 22:28:32,286 [INFO] IPUIPlugin:80 - create IPUIPlugin
2025-02-18 22:28:32,286 [INFO] PluginManager:220 - loadIPPluginJar : add ddr_ctrl_phy
2025-02-18 22:28:32,290 [INFO] IPUIPlugin:80 - create IPUIPlugin
2025-02-18 22:28:32,290 [INFO] PluginManager:220 - loadIPPluginJar : add dfsdm
2025-02-18 22:28:32,296 [INFO] IPUIPlugin:80 - create IPUIPlugin
2025-02-18 22:28:32,296 [INFO] PluginManager:220 - loadIPPluginJar : add dma
2025-02-18 22:28:32,300 [INFO] IPUIPlugin:80 - create IPUIPlugin
2025-02-18 22:28:32,300 [INFO] PluginManager:220 - loadIPPluginJar : add dma3
2025-02-18 22:28:32,304 [INFO] IPUIPlugin:80 - create IPUIPlugin
2025-02-18 22:28:32,304 [INFO] PluginManager:220 - loadIPPluginJar : add extmemmanager
2025-02-18 22:28:32,306 [INFO] IPUIPlugin:80 - create IPUIPlugin
2025-02-18 22:28:32,306 [INFO] PluginManager:220 - loadIPPluginJar : add fatfs
2025-02-18 22:28:32,309 [INFO] IPUIPlugin:80 - create IPUIPlugin
2025-02-18 22:28:32,310 [INFO] PluginManager:220 - loadIPPluginJar : add fmc
2025-02-18 22:28:32,316 [INFO] IPUIPlugin:80 - create IPUIPlugin
2025-02-18 22:28:32,316 [INFO] PluginManager:220 - loadIPPluginJar : add freertos
2025-02-18 22:28:32,318 [INFO] IPUIPlugin:80 - create IPUIPlugin
2025-02-18 22:28:32,318 [INFO] PluginManager:220 - loadIPPluginJar : add genericplugin
2025-02-18 22:28:32,321 [INFO] IPUIPlugin:80 - create IPUIPlugin
2025-02-18 22:28:32,321 [INFO] PluginManager:220 - loadIPPluginJar : add gfxmmu
2025-02-18 22:28:32,326 [INFO] IPUIPlugin:80 - create IPUIPlugin
2025-02-18 22:28:32,326 [INFO] PluginManager:220 - loadIPPluginJar : add gic
2025-02-18 22:28:32,331 [INFO] IPUIPlugin:80 - create IPUIPlugin
2025-02-18 22:28:32,331 [INFO] PluginManager:220 - loadIPPluginJar : add gpio
2025-02-18 22:28:32,334 [INFO] IPUIPlugin:80 - create IPUIPlugin
2025-02-18 22:28:32,335 [INFO] PluginManager:220 - loadIPPluginJar : add gtzc
2025-02-18 22:28:32,338 [INFO] IPUIPlugin:80 - create IPUIPlugin
2025-02-18 22:28:32,338 [INFO] PluginManager:220 - loadIPPluginJar : add hash
2025-02-18 22:28:32,341 [INFO] IPUIPlugin:80 - create IPUIPlugin
2025-02-18 22:28:32,341 [INFO] PluginManager:220 - loadIPPluginJar : add i2c
2025-02-18 22:28:32,345 [INFO] IPUIPlugin:80 - create IPUIPlugin
2025-02-18 22:28:32,345 [INFO] PluginManager:220 - loadIPPluginJar : add i2s
2025-02-18 22:28:32,348 [INFO] IPUIPlugin:80 - create IPUIPlugin
2025-02-18 22:28:32,349 [INFO] PluginManager:220 - loadIPPluginJar : add i3c
2025-02-18 22:28:32,352 [INFO] IPUIPlugin:80 - create IPUIPlugin
2025-02-18 22:28:32,354 [INFO] PluginManager:220 - loadIPPluginJar : add ipddr
2025-02-18 22:28:32,361 [INFO] IPUIPlugin:80 - create IPUIPlugin
2025-02-18 22:28:32,361 [INFO] PluginManager:220 - loadIPPluginJar : add linkedlist
2025-02-18 22:28:32,365 [INFO] IPUIPlugin:80 - create IPUIPlugin
2025-02-18 22:28:32,365 [INFO] PluginManager:220 - loadIPPluginJar : add lorawan
2025-02-18 22:28:32,366 [INFO] IPUIPlugin:80 - create IPUIPlugin
2025-02-18 22:28:32,367 [INFO] PluginManager:220 - loadIPPluginJar : add ltdc
2025-02-18 22:28:32,373 [INFO] IPUIPlugin:80 - create IPUIPlugin
2025-02-18 22:28:32,373 [INFO] PluginManager:220 - loadIPPluginJar : add mdma
2025-02-18 22:28:32,377 [INFO] IPUIPlugin:80 - create IPUIPlugin
2025-02-18 22:28:32,377 [INFO] PluginManager:220 - loadIPPluginJar : add nvic
2025-02-18 22:28:32,381 [INFO] IPUIPlugin:80 - create IPUIPlugin
2025-02-18 22:28:32,381 [INFO] PluginManager:220 - loadIPPluginJar : add opamp
2025-02-18 22:28:32,385 [INFO] IPUIPlugin:80 - create IPUIPlugin
2025-02-18 22:28:32,385 [INFO] PluginManager:220 - loadIPPluginJar : add openamp
2025-02-18 22:28:32,388 [INFO] IPUIPlugin:80 - create IPUIPlugin
2025-02-18 22:28:32,388 [INFO] PluginManager:220 - loadIPPluginJar : add pdm2pcm
2025-02-18 22:28:32,394 [INFO] IPUIPlugin:80 - create IPUIPlugin
2025-02-18 22:28:32,396 [INFO] PluginManager:220 - loadIPPluginJar : add plateformsettings
2025-02-18 22:28:32,398 [INFO] IPUIPlugin:80 - create IPUIPlugin
2025-02-18 22:28:32,398 [INFO] PluginManager:220 - loadIPPluginJar : add quadspi
2025-02-18 22:28:32,401 [INFO] IPUIPlugin:80 - create IPUIPlugin
2025-02-18 22:28:32,402 [INFO] PluginManager:220 - loadIPPluginJar : add radio
2025-02-18 22:28:32,407 [INFO] IPUIPlugin:80 - create IPUIPlugin
2025-02-18 22:28:32,407 [INFO] PluginManager:220 - loadIPPluginJar : add resmgrutility
2025-02-18 22:28:32,411 [INFO] IPUIPlugin:80 - create IPUIPlugin
2025-02-18 22:28:32,411 [INFO] PluginManager:220 - loadIPPluginJar : add sai
2025-02-18 22:28:32,413 [INFO] IPUIPlugin:80 - create IPUIPlugin
2025-02-18 22:28:32,414 [INFO] PluginManager:220 - loadIPPluginJar : add spi
2025-02-18 22:28:32,419 [INFO] IPUIPlugin:80 - create IPUIPlugin
2025-02-18 22:28:32,419 [INFO] PluginManager:220 - loadIPPluginJar : add stm32_wpan
2025-02-18 22:28:32,420 [INFO] IPUIPlugin:80 - create IPUIPlugin
2025-02-18 22:28:32,420 [INFO] PluginManager:220 - loadIPPluginJar : add tim
2025-02-18 22:28:32,424 [INFO] IPUIPlugin:80 - create IPUIPlugin
2025-02-18 22:28:32,424 [INFO] PluginManager:220 - loadIPPluginJar : add touchsensing
2025-02-18 22:28:32,426 [INFO] IPUIPlugin:80 - create IPUIPlugin
2025-02-18 22:28:32,426 [INFO] PluginManager:220 - loadIPPluginJar : add tracer_emb
2025-02-18 22:28:32,429 [INFO] IPUIPlugin:80 - create IPUIPlugin
2025-02-18 22:28:32,429 [INFO] PluginManager:220 - loadIPPluginJar : add ts
2025-02-18 22:28:32,432 [INFO] IPUIPlugin:80 - create IPUIPlugin
2025-02-18 22:28:32,432 [INFO] PluginManager:220 - loadIPPluginJar : add tsc
2025-02-18 22:28:32,434 [INFO] IPUIPlugin:80 - create IPUIPlugin
2025-02-18 22:28:32,434 [INFO] PluginManager:220 - loadIPPluginJar : add ucpd
2025-02-18 22:28:32,437 [INFO] IPUIPlugin:80 - create IPUIPlugin
2025-02-18 22:28:32,437 [INFO] PluginManager:220 - loadIPPluginJar : add usart
2025-02-18 22:28:32,440 [INFO] IPUIPlugin:80 - create IPUIPlugin
2025-02-18 22:28:32,440 [INFO] PluginManager:220 - loadIPPluginJar : add usbx
2025-02-18 22:28:32,564 [FATAL] Updater:351 - Updater called before beeing initialized
2025-02-18 22:28:32,588 [INFO] RulesReader:64 - Compatibility file has been processed (297 Rules)
2025-02-18 22:28:32,599 [INFO] RulesReader:64 - Compatibility file has been processed (297 Rules)
2025-02-18 22:28:32,610 [INFO] CADModel:165 - CPN selected for project level
2025-02-18 22:28:32,610 [INFO] CADModel:114 - Register for checkConnection events
2025-02-18 22:28:32,610 [FATAL] Updater:351 - Updater called before beeing initialized
2025-02-18 22:28:32,610 [ERROR] CADModel:125 - Updater not yet initialized, retry later 
2025-02-18 22:28:32,777 [FATAL] Updater:351 - Updater called before beeing initialized
2025-02-18 22:28:32,779 [INFO] CADModel:165 - CPN selected for project level
2025-02-18 22:28:32,779 [INFO] CADModel:114 - Register for checkConnection events
2025-02-18 22:28:32,779 [FATAL] Updater:351 - Updater called before beeing initialized
2025-02-18 22:28:32,779 [ERROR] CADModel:125 - Updater not yet initialized, retry later 
2025-02-18 22:28:32,782 [FATAL] Updater:351 - Updater called before beeing initialized
2025-02-18 22:28:32,884 [FATAL] Updater:351 - Updater called before beeing initialized
2025-02-18 22:28:32,889 [INFO] DbMcusAds:53 - JSON generation date=Thu Sep 30 14:55:09 SGT 2021 (1632984909247)
2025-02-18 22:28:32,889 [FATAL] Updater:351 - Updater called before beeing initialized
2025-02-18 22:28:32,942 [WARN] DetailPanel:346 - Failed to get advertising image, set to default
2025-02-18 22:28:33,152 [FATAL] Updater:351 - Updater called before beeing initialized
2025-02-18 22:28:33,154 [FATAL] Updater:351 - Updater called before beeing initialized
2025-02-18 22:28:33,154 [FATAL] Updater:351 - Updater called before beeing initialized
2025-02-18 22:28:33,154 [WARN] DetailPanel:346 - Failed to get advertising image, set to default
2025-02-18 22:28:33,156 [FATAL] Updater:351 - Updater called before beeing initialized
2025-02-18 22:28:33,204 [ERROR] Updater:1198 - MainUpdater not yet initialized. External WinMGr cannot be set.
2025-02-18 22:28:33,207 [INFO] Updater:1134 - Updater Version found : 6.13.0
2025-02-18 22:28:33,229 [INFO] ApplicationProperties:184 - Using Application install path: C:\ST\STM32CubeIDE_1.17.0\STM32CubeIDE\plugins\com.st.stm32cube.common.mx_6.13.0.202411220809
2025-02-18 22:28:34,698 [INFO] ThirdPartyUpdaterWithRetryManager:70 - Updater plugin not ready yet. [2/15]
2025-02-18 22:28:34,814 [ERROR] LogOutputStream:75 - [STDERR_REDIRECT] Feb 18, 2025 10:28:34 PM java.util.prefs.WindowsPreferences <init>
2025-02-18 22:28:34,815 [ERROR] LogOutputStream:75 - [STDERR_REDIRECT] WARNING: Could not open/create prefs root node Software\JavaSoft\Prefs at root 0xffffffff80000002. Windows RegCreateKeyEx(...) returned error code 5.
2025-02-18 22:28:34,815 [ERROR] LogOutputStream:75 - [STDERR_REDIRECT] 
2025-02-18 22:28:35,123 [INFO] MainUpdater:2872 - connection check result : 10
2025-02-18 22:28:35,124 [INFO] MainUpdater:289 - Updater Check For Update Now.
2025-02-18 22:28:35,124 [INFO] MicroXplorer:498 - Change Database Version : DB.6.0.130
2025-02-18 22:28:35,132 [INFO] McuFinderGlobals:63 - Set McuFinder mode to 2 (CubeIDE integrated)
2025-02-18 22:28:35,133 [INFO] UserAuth:171 - activating auth plugin
2025-02-18 22:28:35,137 [INFO] UserAuth:486 - Internet connection configuration mode: 1
2025-02-18 22:28:35,185 [INFO] JxBrowserEngine:152 - Initiate JxBrowser Engine with user profile folder
2025-02-18 22:28:35,309 [INFO] CheckServerUpdateThread:120 - End of CheckServer Thread
2025-02-18 22:28:36,189 [INFO] WebApp:168 - Instantiating new browser for Auth
2025-02-18 22:28:36,922 [INFO] WebApp:449 - Apply proxy settings
2025-02-18 22:28:36,922 [INFO] WebApp:534 - Chromium requires no authentication
2025-02-18 22:28:36,931 [INFO] WebApp:477 - Direct internet connection detected
2025-02-18 22:28:36,962 [INFO] WebApp:880 - Register for checkConnection events
2025-02-18 22:28:36,962 [INFO] WebApp:449 - Apply proxy settings
2025-02-18 22:28:36,962 [INFO] WebApp:534 - Chromium requires no authentication
2025-02-18 22:28:36,962 [INFO] WebApp:477 - Direct internet connection detected
2025-02-18 22:28:37,189 [INFO] WebApp:221 - Starting web application
2025-02-18 22:28:37,189 [INFO] WebApp:579 - Web application path used C:\ST\STM32CubeIDE_1.17.0\STM32CubeIDE\plugins\com.st.stm32cube.common.mx_6.13.0.202411220809\db\plugins\mcufinder\reactClient1\index.html
2025-02-18 22:28:37,364 [INFO] WebApp:187 - Connection restablished
2025-02-18 22:28:38,006 [WARN] PackLoader:240 - Cannot read IP mode file for STMicroelectronics.FP-SNS-MOTENVWB1.1.4.0
2025-02-18 22:28:38,017 [WARN] PackLoader:240 - Cannot read IP mode file for STMicroelectronics.FP-ATR-ASTRA1.2.0.1
2025-02-18 22:28:38,029 [WARN] PackLoader:240 - Cannot read IP mode file for STMicroelectronics.X-CUBE-SMBUS.2.1.0
2025-02-18 22:28:38,039 [WARN] PackLoader:240 - Cannot read IP mode file for STMicroelectronics.X-CUBE-WB05N.1.1.0
2025-02-18 22:28:38,079 [WARN] PackLoader:240 - Cannot read IP mode file for STMicroelectronics.X-CUBE-AZRTOS-F7.1.1.0
2025-02-18 22:28:38,091 [WARN] PackLoader:240 - Cannot read IP mode file for STMicroelectronics.FP-SNS-FLIGHT1.5.0.2
2025-02-18 22:28:38,121 [WARN] PackLoader:240 - Cannot read IP mode file for Infineon.AIROC-Wi-Fi-Bluetooth-STM32.1.7.0
2025-02-18 22:28:38,139 [WARN] PackLoader:240 - Cannot read IP mode file for STMicroelectronics.X-CUBE-DISPLAY.3.0.0
2025-02-18 22:28:38,150 [WARN] PackLoader:240 - Cannot read IP mode file for STMicroelectronics.X-CUBE-BLE1.7.0.0
2025-02-18 22:28:38,159 [WARN] PackLoader:240 - Cannot read IP mode file for STMicroelectronics.X-CUBE-NFC10.1.0.0
2025-02-18 22:28:38,176 [WARN] PackLoader:240 - Cannot read IP mode file for STMicroelectronics.X-CUBE-BLEMGR.4.0.0
2025-02-18 22:28:38,184 [WARN] PackLoader:240 - Cannot read IP mode file for emotas.I-CUBE-CANOPEN.1.3.0
2025-02-18 22:28:38,192 [WARN] PackLoader:240 - Cannot read IP mode file for STMicroelectronics.X-CUBE-AI.10.0.0
2025-02-18 22:28:38,192 [WARN] PackLoader:240 - Cannot read IP mode file for STMicroelectronics.FP-SNS-SMARTAG2.1.2.0
2025-02-18 22:28:38,250 [WARN] PackLoader:240 - Cannot read IP mode file for STMicroelectronics.X-CUBE-MEMS1.11.1.0
2025-02-18 22:28:38,498 [INFO] LogOutputStream:77 - [STDOUT_REDIRECT] 1 : Invalid condition id : UX_CORESTACK_Condition cause : null
2025-02-18 22:28:38,499 [INFO] LogOutputStream:77 - [STDOUT_REDIRECT] 1 : Invalid condition id : UX_CORESTACK_Condition cause : null
2025-02-18 22:28:38,500 [INFO] LogOutputStream:77 - [STDOUT_REDIRECT] 1 : Invalid condition id : UX_CORESTACK_Condition cause : null
2025-02-18 22:28:38,500 [INFO] LogOutputStream:77 - [STDOUT_REDIRECT] 1 : Invalid condition id : UX_CORESTACK_Condition cause : null
2025-02-18 22:28:38,500 [INFO] LogOutputStream:77 - [STDOUT_REDIRECT] 1 : Invalid condition id : UX_CORESTACK_Condition cause : null
2025-02-18 22:28:38,505 [WARN] PackLoader:240 - Cannot read IP mode file for STMicroelectronics.X-CUBE-AZRTOS-WL.2.0.0
2025-02-18 22:28:38,541 [WARN] PackLoader:240 - Cannot read IP mode file for STMicroelectronics.FP-SNS-MOTENV1.5.0.0
2025-02-18 22:28:38,552 [WARN] PackLoader:240 - Cannot read IP mode file for wolfSSL.I-CUBE-wolfMQTT.1.19.0
2025-02-18 22:28:38,563 [WARN] PackLoader:240 - Cannot read IP mode file for WES.I-CUBE-Cesium.1.3.0
2025-02-18 22:28:38,569 [WARN] PackLoader:240 - Cannot read IP mode file for STMicroelectronics.X-CUBE-BLE2.3.3.0
2025-02-18 22:28:38,577 [WARN] PackLoader:240 - Cannot read IP mode file for STMicroelectronics.X-CUBE-NFC9.1.0.0
2025-02-18 22:28:38,592 [WARN] PackLoader:240 - Cannot read IP mode file for STMicroelectronics.X-CUBE-AZRTOS-G0.1.1.0
2025-02-18 22:28:38,600 [WARN] PackLoader:240 - Cannot read IP mode file for STMicroelectronics.X-CUBE-SAFEA1.1.2.2
2025-02-18 22:28:38,611 [WARN] PackLoader:240 - Cannot read IP mode file for STMicroelectronics.X-CUBE-NFC4.3.0.0
2025-02-18 22:28:38,622 [WARN] PackLoader:240 - Cannot read IP mode file for EmbeddedOffice.I-CUBE-FS-RTOS.1.0.1
2025-02-18 22:28:38,629 [WARN] PackLoader:240 - Cannot read IP mode file for STMicroelectronics.X-CUBE-TCPP.4.2.0
2025-02-18 22:28:38,636 [WARN] PackLoader:240 - Cannot read IP mode file for RealThread.X-CUBE-RT-Thread_Nano.4.1.1
2025-02-18 22:28:38,643 [WARN] PackLoader:240 - Cannot read IP mode file for STMicroelectronics.FP-ATR-SIGFOX1.3.2.0
2025-02-18 22:28:38,650 [WARN] ConditionMgr:438 - getConditionDescription Invalid condition id : Cortex-A Device cause : null
2025-02-18 22:28:38,664 [WARN] ConditionMgr:1044 - genDependencies : Invalid condition id : Cortex-A Device cause : null
2025-02-18 22:28:38,664 [WARN] ConditionMgr:1044 - genDependencies : Invalid condition id : Cortex-A Device cause : null
2025-02-18 22:28:38,664 [WARN] ConditionMgr:1044 - genDependencies : Invalid condition id : Cortex-A Device cause : null
2025-02-18 22:28:38,675 [WARN] PackLoader:240 - Cannot read IP mode file for STMicroelectronics.X-CUBE-EEPRMA1.5.1.0
2025-02-18 22:28:38,681 [WARN] PackLoader:240 - Cannot read IP mode file for wolfSSL.I-CUBE-wolfSSL.5.7.6
2025-02-18 22:28:38,690 [WARN] PackLoader:240 - Cannot read IP mode file for ITTIA_DB.I-CUBE-ITTIADB.8.9.0
2025-02-18 22:28:38,716 [WARN] PackLoader:240 - Cannot read IP mode file for SEGGER.I-CUBE-embOS.1.3.1
2025-02-18 22:28:38,760 [WARN] PackLoader:240 - Cannot read IP mode file for STMicroelectronics.X-CUBE-ALGOBUILD.1.4.0
2025-02-18 22:28:38,774 [WARN] PackLoader:240 - Cannot read IP mode file for STMicroelectronics.X-CUBE-AZRTOS-F4.1.1.0
2025-02-18 22:28:38,785 [WARN] PackLoader:240 - Cannot read IP mode file for STMicroelectronics.X-CUBE-ISPU.2.1.0
2025-02-18 22:28:38,801 [WARN] PackLoader:240 - Cannot read IP mode file for STMicroelectronics.X-CUBE-AZRTOS-L5.2.0.0
2025-02-18 22:28:38,809 [WARN] PackLoader:240 - Cannot read IP mode file for STMicroelectronics.X-CUBE-NFC6.3.1.0
2025-02-18 22:28:38,820 [WARN] PackLoader:240 - Cannot read IP mode file for STMicroelectronics.X-CUBE-DPower.1.2.0
2025-02-18 22:28:38,825 [WARN] PackLoader:240 - Cannot read IP mode file for STMicroelectronics.X-CUBE-FREERTOS.1.3.0
2025-02-18 22:28:38,829 [WARN] PackLoader:240 - Cannot read IP mode file for STMicroelectronics.X-CUBE-NFC7.1.0.1
2025-02-18 22:28:38,849 [WARN] ConditionMgr:438 - getConditionDescription Invalid condition id : LAN8742 Phy interface Condition cause : null
2025-02-18 22:28:38,849 [WARN] PackLoader:240 - Cannot read IP mode file for STMicroelectronics.X-CUBE-AZRTOS-L4.2.0.0
2025-02-18 22:28:38,849 [WARN] ConditionMgr:1044 - genDependencies : Invalid condition id : LAN8742 Phy interface Condition cause : null
2025-02-18 22:28:38,849 [WARN] ConditionMgr:1044 - genDependencies : Invalid condition id : LAN8742 Phy interface Condition cause : null
2025-02-18 22:28:38,852 [WARN] ConditionMgr:1044 - genDependencies : Invalid condition id : LAN8742 Phy interface Condition cause : null
2025-02-18 22:28:38,859 [WARN] PackLoader:240 - Cannot read IP mode file for STMicroelectronics.X-CUBE-SFXS2LP1.4.0.0
2025-02-18 22:28:38,879 [WARN] PackLoader:240 - Cannot read IP mode file for STMicroelectronics.X-CUBE-AZRTOS-H7.3.3.0
2025-02-18 22:28:38,894 [WARN] ConditionMgr:438 - getConditionDescription Invalid condition id : UX DEVICE CLASS RTOS Condition cause : null
2025-02-18 22:28:38,894 [WARN] ConditionMgr:438 - getConditionDescription Invalid condition id : UX DEVICE CLASS RTOS Condition cause : null
2025-02-18 22:28:38,896 [WARN] PackLoader:240 - Cannot read IP mode file for STMicroelectronics.X-CUBE-AZRTOS-WB.2.0.0
2025-02-18 22:28:38,896 [WARN] ConditionMgr:1044 - genDependencies : Invalid condition id : UX DEVICE CLASS RTOS Condition cause : null
2025-02-18 22:28:38,896 [WARN] ConditionMgr:1044 - genDependencies : Invalid condition id : UX DEVICE CLASS RTOS Condition cause : null
2025-02-18 22:28:38,896 [WARN] ConditionMgr:1044 - genDependencies : Invalid condition id : UX DEVICE CLASS RTOS Condition cause : null
2025-02-18 22:28:38,896 [WARN] ConditionMgr:1044 - genDependencies : Invalid condition id : UX DEVICE CLASS RTOS Condition cause : null
2025-02-18 22:28:38,896 [WARN] ConditionMgr:1044 - genDependencies : Invalid condition id : UX DEVICE CLASS RTOS Condition cause : null
2025-02-18 22:28:38,904 [WARN] PackLoader:240 - Cannot read IP mode file for STMicroelectronics.X-CUBE-GNSS1.7.0.1
2025-02-18 22:28:38,911 [WARN] PackLoader:240 - Cannot read IP mode file for STMicroelectronics.FP-SNS-STBOX1.2.0.0
2025-02-18 22:28:38,922 [WARN] PackLoader:240 - Cannot read IP mode file for STMicroelectronics.X-CUBE-SUBG2.5.0.0
2025-02-18 22:28:38,934 [WARN] PackLoader:240 - Cannot read IP mode file for Cesanta.I-CUBE-Mongoose.7.13.0
2025-02-18 22:28:38,946 [WARN] PackLoader:240 - Cannot read IP mode file for STMicroelectronics.X-CUBE-AZRTOS-G4.2.0.0
2025-02-18 22:28:38,959 [WARN] PackLoader:240 - Cannot read IP mode file for STMicroelectronics.X-CUBE-IPS.3.1.0
2025-02-18 22:28:38,971 [WARN] PackLoader:240 - Cannot read IP mode file for STMicroelectronics.X-CUBE-ALS.1.0.2
2025-02-18 22:28:38,981 [WARN] PackLoader:240 - Cannot read IP mode file for STMicroelectronics.X-CUBE-TOUCHGFX.4.24.2
2025-02-18 22:28:38,985 [WARN] PackLoader:240 - Cannot read IP mode file for wolfSSL.I-CUBE-wolfTPM.3.4.0
2025-02-18 22:28:38,989 [WARN] PackLoader:240 - Cannot read IP mode file for portGmbH.I-Cube-SoM-uGOAL.1.1.0
2025-02-18 22:28:39,013 [WARN] PackLoader:240 - Cannot read IP mode file for STMicroelectronics.X-CUBE-AZRTOS-H7RS.1.0.0
2025-02-18 22:28:39,023 [WARN] PackLoader:240 - Cannot read IP mode file for STMicroelectronics.X-CUBE-TOF1.3.4.2
2025-02-18 22:28:39,040 [WARN] PackLoader:240 - Cannot read IP mode file for wolfSSL.I-CUBE-wolfSSH.1.4.17
2025-02-18 22:28:39,040 [INFO] ThirdParty:978 - Integrity check success = true
2025-02-18 22:28:39,040 [INFO] IntegrityCheckThread:100 - exiting critical section [integrity check]
2025-02-18 22:28:39,040 [INFO] IntegrityCheckThread:103 - End integrity checks thread
